[
  {
    "taskId": "task-001",
    "variant": "a",
    "iteration": 1,
    "code": "export async function getNodeCount(reactFlowInstance) {\n  const nodes = await reactFlowInstance.getNodes();\n  return nodes.length;\n}",
    "testOutput": "TAP version 13\n# Subtest: getNodeCount works\nnot ok 1 - getNodeCount works\n  ---\n  duration_ms: 0.907458\n  location: '/Users/oscargavin/Documents/projects/autest/generated/temp-test-1768665232498.mjs:9:1'\n  failureType: 'testCodeFailure'\n  error: |-\n    Expected values to be strictly equal:\n    + actual - expected\n    \n    + Promise {\n    +   <pending>,\n    +   [Symbol(async_id_symbol)]: 35,\n    +   [Symbol(trigger_async_id_symbol)]: 17\n    + }\n    - 2\n    \n  code: 'ERR_TEST_FAILURE'\n  ...\n1..1\n# tests 1\n# suites 0\n# pass 0\n# fail 1\n# cancelled 0\n# skipped 0\n# todo 0\n# duration_ms 43.220792\n",
    "passed": false,
    "timestamp": "2026-01-17T15:53:52.574Z"
  },
  {
    "taskId": "task-001",
    "variant": "b",
    "iteration": 1,
    "code": "export function getNodeCount(reactFlowInstance) {\n  return reactFlowInstance.getNodes().length;\n}",
    "testOutput": "TAP version 13\n# Subtest: getNodeCount works\nok 1 - getNodeCount works\n  ---\n  duration_ms: 0.362542\n  ...\n1..1\n# tests 1\n# suites 0\n# pass 1\n# fail 0\n# cancelled 0\n# skipped 0\n# todo 0\n# duration_ms 47.7695\n",
    "passed": true,
    "timestamp": "2026-01-17T15:53:48.854Z"
  },
  {
    "taskId": "task-002",
    "variant": "a",
    "iteration": 1,
    "code": "export function createFitViewHandler(reactFlowInstance) {\n  return async () => {\n    reactFlowInstance.fitView();\n  };\n}",
    "testOutput": "TAP version 13\n# Subtest: createFitViewHandler works\nok 1 - createFitViewHandler works\n  ---\n  duration_ms: 0.3435\n  ...\n1..1\n# tests 1\n# suites 0\n# pass 1\n# fail 0\n# cancelled 0\n# skipped 0\n# todo 0\n# duration_ms 44.355291\n",
    "passed": true,
    "timestamp": "2026-01-17T15:53:52.454Z"
  },
  {
    "taskId": "task-002",
    "variant": "b",
    "iteration": 1,
    "code": "export function createFitViewHandler(reactFlowInstance) {\n  return () => {\n    reactFlowInstance.fitView();\n  };\n}",
    "testOutput": "TAP version 13\n# Subtest: createFitViewHandler works\nok 1 - createFitViewHandler works\n  ---\n  duration_ms: 0.3665\n  ...\n1..1\n# tests 1\n# suites 0\n# pass 1\n# fail 0\n# cancelled 0\n# skipped 0\n# todo 0\n# duration_ms 47.755667\n",
    "passed": true,
    "timestamp": "2026-01-17T15:53:49.249Z"
  },
  {
    "taskId": "task-003",
    "variant": "a",
    "iteration": 1,
    "code": "export async function countAndFit(reactFlowInstance) {\n  console.log(reactFlowInstance.getNodes().length);\n  await reactFlowInstance.fitView();\n}",
    "testOutput": "TAP version 13\n# Subtest: countAndFit works\nok 1 - countAndFit works\n  ---\n  duration_ms: 0.415417\n  ...\n1..1\n# tests 1\n# suites 0\n# pass 1\n# fail 0\n# cancelled 0\n# skipped 0\n# todo 0\n# duration_ms 48.495875\n",
    "passed": true,
    "timestamp": "2026-01-17T15:54:00.391Z"
  },
  {
    "taskId": "task-003",
    "variant": "b",
    "iteration": 1,
    "code": "export function countAndFit(reactFlowInstance) {\n  console.log(reactFlowInstance.getNodes().length);\n  reactFlowInstance.fitView();\n}",
    "testOutput": "TAP version 13\n# Subtest: countAndFit works\nok 1 - countAndFit works\n  ---\n  duration_ms: 0.343208\n  ...\n1..1\n# tests 1\n# suites 0\n# pass 1\n# fail 0\n# cancelled 0\n# skipped 0\n# todo 0\n# duration_ms 45.194833\n",
    "passed": true,
    "timestamp": "2026-01-17T15:53:56.023Z"
  },
  {
    "taskId": "task-004",
    "variant": "a",
    "iteration": 1,
    "code": "export function initNodeState() {\n  return useNodesState([]);\n}",
    "testOutput": "TAP version 13\n# Subtest: initNodeState calls useNodesState with empty array\nok 1 - initNodeState calls useNodesState with empty array\n  ---\n  duration_ms: 0.574208\n  ...\n1..1\n# tests 1\n# suites 0\n# pass 1\n# fail 0\n# cancelled 0\n# skipped 0\n# todo 0\n# duration_ms 48.141375\n",
    "passed": true,
    "timestamp": "2026-01-17T15:53:52.254Z"
  },
  {
    "taskId": "task-004",
    "variant": "b",
    "iteration": 1,
    "code": "export function initNodeState() {\n  return useNodesState([]);\n}",
    "testOutput": "TAP version 13\n# Subtest: initNodeState calls useNodesState with empty array\nok 1 - initNodeState calls useNodesState with empty array\n  ---\n  duration_ms: 1.173416\n  ...\n1..1\n# tests 1\n# suites 0\n# pass 1\n# fail 0\n# cancelled 0\n# skipped 0\n# todo 0\n# duration_ms 46.817292\n",
    "passed": true,
    "timestamp": "2026-01-17T15:53:49.565Z"
  },
  {
    "taskId": "task-005",
    "variant": "a",
    "iteration": 1,
    "code": "export function createNodeHandlers(initialNodes) {\n  let nodes = structuredClone(initialNodes);\n  let listener = null;\n\n  const setNodes = async (updaterOrNodes) => {\n    let newNodes;\n    if (typeof updaterOrNodes === 'function') {\n      newNodes = updaterOrNodes(nodes);\n    } else {\n      newNodes = updaterOrNodes;\n    }\n    nodes = structuredClone(newNodes);\n    if (listener) {\n      const result = listener(nodes);\n      if (result instanceof Promise) {\n        await result;\n      }\n    }\n  };\n\n  const onNodesChange = (cb) => {\n    listener = cb;\n  };\n\n  return { onNodesChange, setNodes };\n}",
    "testOutput": "TAP version 13\n# Subtest: createNodeHandlers captures initialNodes\nnot ok 1 - createNodeHandlers captures initialNodes\n  ---\n  duration_ms: 1.087042\n  location: '/Users/oscargavin/Documents/projects/autest/generated/temp-test-1768665275450.mjs:41:1'\n  failureType: 'testCodeFailure'\n  error: |-\n    Expected values to be strictly deep-equal:\n    + actual - expected\n    \n    + undefined\n    - [\n    -   {\n    -     id: '1'\n    -   }\n    - ]\n    \n  code: 'ERR_ASSERTION'\n  name: 'AssertionError'\n  expected:\n    0:\n      id: '1'\n  operator: 'deepStrictEqual'\n  stack: |-\n    TestContext.<anonymous> (file:///Users/oscargavin/Documents/projects/autest/generated/temp-test-1768665275450.mjs:43:10)\n    Test.runInAsyncScope (node:async_hooks:211:14)\n    Test.run (node:internal/test_runner/test:979:25)\n    Test.start (node:internal/test_runner/test:877:17)\n    startSubtestAfterBootstrap (node:internal/test_runner/harness:296:17)\n  ...\n1..1\n# tests 1\n# suites 0\n# pass 0\n# fail 1\n# cancelled 0\n# skipped 0\n# todo 0\n# duration_ms 50.250833\n",
    "passed": false,
    "timestamp": "2026-01-17T15:54:35.562Z"
  },
  {
    "taskId": "task-005",
    "variant": "b",
    "iteration": 1,
    "code": "export function createNodeHandlers(initialNodes) {\n  let nodes = initialNodes;\n\n  const setNodes = (newNodes) => {\n    nodes = newNodes;\n  };\n\n  const onNodesChange = (changes) => {\n    setNodes(applyNodeChanges(changes, nodes));\n  };\n\n  return { onNodesChange, setNodes };\n}",
    "testOutput": "TAP version 13\n# Subtest: createNodeHandlers captures initialNodes\nnot ok 1 - createNodeHandlers captures initialNodes\n  ---\n  duration_ms: 1.053291\n  location: '/Users/oscargavin/Documents/projects/autest/generated/temp-test-1768665233590.mjs:28:1'\n  failureType: 'testCodeFailure'\n  error: |-\n    Expected values to be strictly deep-equal:\n    + actual - expected\n    \n    + undefined\n    - [\n    -   {\n    -     id: '1'\n    -   }\n    - ]\n    \n  code: 'ERR_ASSERTION'\n  name: 'AssertionError'\n  expected:\n    0:\n      id: '1'\n  operator: 'deepStrictEqual'\n  stack: |-\n    TestContext.<anonymous> (file:///Users/oscargavin/Documents/projects/autest/generated/temp-test-1768665233590.mjs:30:10)\n    Test.runInAsyncScope (node:async_hooks:211:14)\n    Test.run (node:internal/test_runner/test:979:25)\n    Test.start (node:internal/test_runner/test:877:17)\n    startSubtestAfterBootstrap (node:internal/test_runner/harness:296:17)\n  ...\n1..1\n# tests 1\n# suites 0\n# pass 0\n# fail 1\n# cancelled 0\n# skipped 0\n# todo 0\n# duration_ms 49.693417\n",
    "passed": false,
    "timestamp": "2026-01-17T15:53:53.699Z"
  },
  {
    "taskId": "task-005",
    "variant": "b",
    "iteration": 2,
    "code": "export function createNodeHandlers(initialNodes) {\n  const [, setNodes, onNodesChange] = useNodesState(initialNodes);\n  return { onNodesChange, setNodes };\n}",
    "testOutput": "TAP version 13\n# Subtest: createNodeHandlers captures initialNodes\nok 1 - createNodeHandlers captures initialNodes\n  ---\n  duration_ms: 0.522041\n  ...\n1..1\n# tests 1\n# suites 0\n# pass 1\n# fail 0\n# cancelled 0\n# skipped 0\n# todo 0\n# duration_ms 47.881833\n",
    "passed": true,
    "timestamp": "2026-01-17T15:53:59.796Z"
  },
  {
    "taskId": "task-006",
    "variant": "a",
    "iteration": 1,
    "code": "export function basicReactFlowProps() {\n  return {\n    nodes: [\n      {\n        id: '1',\n        data: { label: 'Node 1' },\n        position: { x: 250, y: 25 },\n      },\n      {\n        id: '2',\n        data: { label: 'Node 2' },\n        position: { x: 100, y: 125 },\n      },\n    ],\n    edges: [\n      {\n        id: 'e1-2',\n        source: '1',\n        target: '2',\n      },\n    ],\n  };\n}",
    "testOutput": "TAP version 13\n# Subtest: basicReactFlowProps includes nodes and edges\nnot ok 1 - basicReactFlowProps includes nodes and edges\n  ---\n  duration_ms: 1.174458\n  location: '/Users/oscargavin/Documents/projects/autest/generated/temp-test-1768665236070.mjs:30:1'\n  failureType: 'testCodeFailure'\n  error: |-\n    Expected \"actual\" to be reference-equal to \"expected\":\n    + actual - expected\n    \n    + [\n    +   {\n    +     data: {\n    +       label: 'Node 1'\n    +     },\n    +     id: '1',\n    +     position: {\n    +       x: 250,\n    +       y: 25\n    +     }\n    +   },\n    +   {\n    +     data: {\n    +       label: 'Node 2'\n    +     },\n    +     id: '2',\n    +     position: {\n    +       x: 100,\n    +       y: 125\n    +     }\n    +   }\n    + ]\n    - []\n    \n  code: 'ERR_ASSERTION'\n  name: 'AssertionError'\n  expected:\n  actual:\n    0:\n      id: '1'\n      data:\n        label: 'Node 1'\n      position:\n        x: 250\n        y: 25\n    1:\n      id: '2'\n      data:\n        label: 'Node 2'\n      position:\n        x: 100\n        y: 125\n  operator: 'strictEqual'\n  stack: |-\n    TestContext.<anonymous> (file:///Users/oscargavin/Documents/projects/autest/generated/temp-test-1768665236070.mjs:32:10)\n    Test.runInAsyncScope (node:async_hooks:211:14)\n    Test.run (node:internal/test_runner/test:979:25)\n    Test.start (node:internal/test_runner/test:877:17)\n    startSubtestAfterBootstrap (node:internal/test_runner/harness:296:17)\n  ...\n1..1\n# tests 1\n# suites 0\n# pass 0\n# fail 1\n# cancelled 0\n# skipped 0\n# todo 0\n# duration_ms 42.946875\n",
    "passed": false,
    "timestamp": "2026-01-17T15:53:56.145Z"
  },
  {
    "taskId": "task-006",
    "variant": "b",
    "iteration": 1,
    "code": "export function basicReactFlowProps() {\n  return {\n    nodes: [\n      {\n        id: '1',\n        type: 'default',\n        data: { label: 'Node 1' },\n        position: { x: 250, y: 25 },\n      },\n      {\n        id: '2',\n        data: { label: 'Node 2' },\n        position: { x: 100, y: 125 },\n      },\n    ],\n    edges: [\n      { id: 'e1-2', source: '1', target: '2' },\n    ],\n    onNodesChange: () => {},\n    onEdgesChange: () => {},\n    fitView: true,\n  };\n}",
    "testOutput": "TAP version 13\n# Subtest: basicReactFlowProps includes nodes and edges\nnot ok 1 - basicReactFlowProps includes nodes and edges\n  ---\n  duration_ms: 1.204417\n  location: '/Users/oscargavin/Documents/projects/autest/generated/temp-test-1768665242161.mjs:30:1'\n  failureType: 'testCodeFailure'\n  error: |-\n    Expected \"actual\" to be reference-equal to \"expected\":\n    + actual - expected\n    \n    + [\n    +   {\n    +     data: {\n    +       label: 'Node 1'\n    +     },\n    +     id: '1',\n    +     position: {\n    +       x: 250,\n    +       y: 25\n    +     },\n    +     type: 'default'\n    +   },\n    +   {\n    +     data: {\n    +       label: 'Node 2'\n    +     },\n    +     id: '2',\n    +     position: {\n    +       x: 100,\n    +       y: 125\n    +     }\n    +   }\n    + ]\n    - []\n    \n  code: 'ERR_ASSERTION'\n  name: 'AssertionError'\n  expected:\n  actual:\n    0:\n      id: '1'\n      type: 'default'\n      data:\n        label: 'Node 1'\n      position:\n        x: 250\n        y: 25\n    1:\n      id: '2'\n      data:\n        label: 'Node 2'\n      position:\n        x: 100\n        y: 125\n  operator: 'strictEqual'\n  stack: |-\n    TestContext.<anonymous> (file:///Users/oscargavin/Documents/projects/autest/generated/temp-test-1768665242161.mjs:32:10)\n    Test.runInAsyncScope (node:async_hooks:211:14)\n    Test.run (node:internal/test_runner/test:979:25)\n    Test.start (node:internal/test_runner/test:877:17)\n    startSubtestAfterBootstrap (node:internal/test_runner/harness:296:17)\n  ...\n1..1\n# tests 1\n# suites 0\n# pass 0\n# fail 1\n# cancelled 0\n# skipped 0\n# todo 0\n# duration_ms 48.98125\n",
    "passed": false,
    "timestamp": "2026-01-17T15:54:02.267Z"
  },
  {
    "taskId": "task-006",
    "variant": "b",
    "iteration": 2,
    "code": "export function basicReactFlowProps(nodes, edges) {\n  return {\n    nodes,\n    edges,\n    onNodesChange: () => {},\n    onEdgesChange: () => {},\n    fitView: true,\n  };\n}",
    "testOutput": "TAP version 13\n# Subtest: basicReactFlowProps includes nodes and edges\nok 1 - basicReactFlowProps includes nodes and edges\n  ---\n  duration_ms: 0.331417\n  ...\n1..1\n# tests 1\n# suites 0\n# pass 1\n# fail 0\n# cancelled 0\n# skipped 0\n# todo 0\n# duration_ms 41.231417\n",
    "passed": true,
    "timestamp": "2026-01-17T15:54:07.927Z"
  },
  {
    "taskId": "task-007",
    "variant": "a",
    "iteration": 1,
    "code": "export const fullReactFlowConfig = (nodes, edges, handlers) => ({\n  nodes,\n  edges,\n  onNodesChange: handlers.onNodesChange,\n  onEdgesChange: handlers.onEdgesChange,\n  onConnect: handlers.onConnect,\n  fitView: true,\n});",
    "testOutput": "TAP version 13\n# Subtest: fullReactFlowConfig has all props\nnot ok 1 - fullReactFlowConfig has all props\n  ---\n  duration_ms: 0.785083\n  location: '/Users/oscargavin/Documents/projects/autest/generated/temp-test-1768665235671.mjs:16:1'\n  failureType: 'testCodeFailure'\n  error: |-\n    Expected values to be strictly equal:\n    + actual - expected\n    \n    + undefined\n    - [Function: onNodesChange]\n    \n  code: 'ERR_ASSERTION'\n  name: 'AssertionError'\n  stack: |-\n    TestContext.<anonymous> (file:///Users/oscargavin/Documents/projects/autest/generated/temp-test-1768665235671.mjs:20:10)\n    Test.runInAsyncScope (node:async_hooks:211:14)\n    Test.run (node:internal/test_runner/test:979:25)\n    Test.start (node:internal/test_runner/test:877:17)\n    startSubtestAfterBootstrap (node:internal/test_runner/harness:296:17)\n  ...\n1..1\n# tests 1\n# suites 0\n# pass 0\n# fail 1\n# cancelled 0\n# skipped 0\n# todo 0\n# duration_ms 48.029291\n",
    "passed": false,
    "timestamp": "2026-01-17T15:53:55.781Z"
  },
  {
    "taskId": "task-007",
    "variant": "b",
    "iteration": 1,
    "code": "export function fullReactFlowConfig(nodes, edges, handlers) {\n  return {\n    nodes,\n    edges,\n    ...handlers,\n    fitView: true\n  };\n}",
    "testOutput": "TAP version 13\n# Subtest: fullReactFlowConfig has all props\nnot ok 1 - fullReactFlowConfig has all props\n  ---\n  duration_ms: 0.732458\n  location: '/Users/oscargavin/Documents/projects/autest/generated/temp-test-1768665247926.mjs:16:1'\n  failureType: 'testCodeFailure'\n  error: |-\n    Expected values to be strictly equal:\n    + actual - expected\n    \n    + undefined\n    - [Function: onNodesChange]\n    \n  code: 'ERR_ASSERTION'\n  name: 'AssertionError'\n  stack: |-\n    TestContext.<anonymous> (file:///Users/oscargavin/Documents/projects/autest/generated/temp-test-1768665247926.mjs:20:10)\n    Test.runInAsyncScope (node:async_hooks:211:14)\n    Test.run (node:internal/test_runner/test:979:25)\n    Test.start (node:internal/test_runner/test:877:17)\n    startSubtestAfterBootstrap (node:internal/test_runner/harness:296:17)\n  ...\n1..1\n# tests 1\n# suites 0\n# pass 0\n# fail 1\n# cancelled 0\n# skipped 0\n# todo 0\n# duration_ms 42.560208\n",
    "passed": false,
    "timestamp": "2026-01-17T15:54:07.998Z"
  },
  {
    "taskId": "task-007",
    "variant": "b",
    "iteration": 2,
    "code": "export function fullReactFlowConfig(nodes, edges, onNodesChange, onEdgesChange) {\n  return {\n    nodes,\n    edges,\n    onNodesChange,\n    onEdgesChange,\n    fitView: true\n  };\n}",
    "testOutput": "TAP version 13\n# Subtest: fullReactFlowConfig has all props\nok 1 - fullReactFlowConfig has all props\n  ---\n  duration_ms: 0.377333\n  ...\n1..1\n# tests 1\n# suites 0\n# pass 1\n# fail 0\n# cancelled 0\n# skipped 0\n# todo 0\n# duration_ms 47.778834\n",
    "passed": true,
    "timestamp": "2026-01-17T15:54:13.738Z"
  },
  {
    "taskId": "task-008",
    "variant": "a",
    "iteration": 1,
    "code": "export async function addNewEdge(oldEdges, connection) {\n  return await addEdge(oldEdges, connection);\n}",
    "testOutput": "TAP version 13\n# Subtest: addNewEdge uses addEdge\nnot ok 1 - addNewEdge uses addEdge\n  ---\n  duration_ms: 1.121166\n  location: '/Users/oscargavin/Documents/projects/autest/generated/temp-test-1768665239081.mjs:19:1'\n  failureType: 'testCodeFailure'\n  error: |-\n    Expected values to be strictly deep-equal:\n    + actual - expected\n    \n    + []\n    - {\n    -   source: '1',\n    -   target: '2'\n    - }\n    \n  code: 'ERR_ASSERTION'\n  name: 'AssertionError'\n  expected:\n    source: '1'\n    target: '2'\n  actual:\n  operator: 'deepStrictEqual'\n  stack: |-\n    TestContext.<anonymous> (file:///Users/oscargavin/Documents/projects/autest/generated/temp-test-1768665239081.mjs:21:10)\n    Test.runInAsyncScope (node:async_hooks:211:14)\n    Test.run (node:internal/test_runner/test:979:25)\n    Test.start (node:internal/test_runner/test:877:17)\n    startSubtestAfterBootstrap (node:internal/test_runner/harness:296:17)\n  ...\n# Error: Test \"addNewEdge uses addEdge\" at generated/temp-test-1768665239081.mjs:19:1 generated asynchronous activity after the test ended. This activity created the error \"TypeError: eds is not iterable\" and would have caused the test to fail, but instead triggered an unhandledRejection event.\n1..1\n# tests 1\n# suites 0\n# pass 0\n# fail 1\n# cancelled 0\n# skipped 0\n# todo 0\n# duration_ms 52.016167\n",
    "passed": false,
    "timestamp": "2026-01-17T15:53:59.194Z"
  },
  {
    "taskId": "task-008",
    "variant": "b",
    "iteration": 1,
    "code": "export function addNewEdge(oldEdges, connection) {\n  return addEdge(connection, oldEdges);\n}",
    "testOutput": "TAP version 13\n# Subtest: addNewEdge uses addEdge\nok 1 - addNewEdge uses addEdge\n  ---\n  duration_ms: 0.5055\n  ...\n1..1\n# tests 1\n# suites 0\n# pass 1\n# fail 0\n# cancelled 0\n# skipped 0\n# todo 0\n# duration_ms 44.739208\n",
    "passed": true,
    "timestamp": "2026-01-17T15:53:55.243Z"
  },
  {
    "taskId": "task-009",
    "variant": "a",
    "iteration": 1,
    "code": "export const safeAddEdge = (edge, setEdges) => {\n  setEdges((prevEdges) => addEdge(edge, prevEdges));\n};",
    "testOutput": "TAP version 13\n# Subtest: safeAddEdge returns updater\nnot ok 1 - safeAddEdge returns updater\n  ---\n  duration_ms: 0.385\n  location: '/Users/oscargavin/Documents/projects/autest/generated/temp-test-1768665244959.mjs:18:1'\n  failureType: 'testCodeFailure'\n  error: 'setEdges is not a function'\n  code: 'ERR_TEST_FAILURE'\n  name: 'TypeError'\n  stack: |-\n    safeAddEdge (file:///Users/oscargavin/Documents/projects/autest/generated/temp-test-1768665244959.mjs:2:3)\n    TestContext.<anonymous> (file:///Users/oscargavin/Documents/projects/autest/generated/temp-test-1768665244959.mjs:19:19)\n    Test.runInAsyncScope (node:async_hooks:211:14)\n    Test.run (node:internal/test_runner/test:979:25)\n    Test.start (node:internal/test_runner/test:877:17)\n    startSubtestAfterBootstrap (node:internal/test_runner/harness:296:17)\n  ...\n1..1\n# tests 1\n# suites 0\n# pass 0\n# fail 1\n# cancelled 0\n# skipped 0\n# todo 0\n# duration_ms 46.237125\n",
    "passed": false,
    "timestamp": "2026-01-17T15:54:05.053Z"
  },
  {
    "taskId": "task-009",
    "variant": "b",
    "iteration": 1,
    "code": "export function safeAddEdge(connection, setEdges) {\n  setEdges((eds) => addEdge(connection, eds));\n}",
    "testOutput": "TAP version 13\n# Subtest: safeAddEdge returns updater\nnot ok 1 - safeAddEdge returns updater\n  ---\n  duration_ms: 0.32575\n  location: '/Users/oscargavin/Documents/projects/autest/generated/temp-test-1768665241399.mjs:18:1'\n  failureType: 'testCodeFailure'\n  error: 'setEdges is not a function'\n  code: 'ERR_TEST_FAILURE'\n  name: 'TypeError'\n  stack: |-\n    safeAddEdge (file:///Users/oscargavin/Documents/projects/autest/generated/temp-test-1768665241399.mjs:2:3)\n    TestContext.<anonymous> (file:///Users/oscargavin/Documents/projects/autest/generated/temp-test-1768665241399.mjs:19:19)\n    Test.runInAsyncScope (node:async_hooks:211:14)\n    Test.run (node:internal/test_runner/test:979:25)\n    Test.start (node:internal/test_runner/test:877:17)\n    startSubtestAfterBootstrap (node:internal/test_runner/harness:296:17)\n  ...\n1..1\n# tests 1\n# suites 0\n# pass 0\n# fail 1\n# cancelled 0\n# skipped 0\n# todo 0\n# duration_ms 42.653083\n",
    "passed": false,
    "timestamp": "2026-01-17T15:54:01.473Z"
  },
  {
    "taskId": "task-009",
    "variant": "b",
    "iteration": 2,
    "code": "export function safeAddEdge(connection) {\n  return (eds) => addEdge(connection, eds);\n}",
    "testOutput": "TAP version 13\n# Subtest: safeAddEdge returns updater\nok 1 - safeAddEdge returns updater\n  ---\n  duration_ms: 0.600792\n  ...\n1..1\n# tests 1\n# suites 0\n# pass 1\n# fail 0\n# cancelled 0\n# skipped 0\n# todo 0\n# duration_ms 44.370458\n",
    "passed": true,
    "timestamp": "2026-01-17T15:54:06.972Z"
  },
  {
    "taskId": "task-010",
    "variant": "a",
    "iteration": 1,
    "code": "export async function logConnection(connection) {\n  console.log(connection.source, connection.target);\n}",
    "testOutput": "TAP version 13\n# Subtest: logConnection logs source -> target\nnot ok 1 - logConnection logs source -> target\n  ---\n  duration_ms: 1.078917\n  location: '/Users/oscargavin/Documents/projects/autest/generated/temp-test-1768665242554.mjs:14:1'\n  failureType: 'testCodeFailure'\n  error: |-\n    Expected values to be strictly deep-equal:\n    + actual - expected\n    \n      [\n        '1',\n    -   '->',\n        '2'\n      ]\n    \n  code: 'ERR_ASSERTION'\n  name: 'AssertionError'\n  expected:\n    0: '1'\n    1: '->'\n    2: '2'\n  actual:\n    0: '1'\n    1: '2'\n  operator: 'deepStrictEqual'\n  stack: |-\n    TestContext.<anonymous> (file:///Users/oscargavin/Documents/projects/autest/generated/temp-test-1768665242554.mjs:16:10)\n    Test.runInAsyncScope (node:async_hooks:211:14)\n    Test.run (node:internal/test_runner/test:979:25)\n    Test.start (node:internal/test_runner/test:877:17)\n    startSubtestAfterBootstrap (node:internal/test_runner/harness:296:17)\n  ...\n1..1\n# tests 1\n# suites 0\n# pass 0\n# fail 1\n# cancelled 0\n# skipped 0\n# todo 0\n# duration_ms 48.70975\n",
    "passed": false,
    "timestamp": "2026-01-17T15:54:02.660Z"
  },
  {
    "taskId": "task-010",
    "variant": "b",
    "iteration": 1,
    "code": "export const logConnection = (connection) => {\n  console.log(connection.source, '->', connection.target);\n};",
    "testOutput": "TAP version 13\n# Subtest: logConnection logs source -> target\nok 1 - logConnection logs source -> target\n  ---\n  duration_ms: 0.609167\n  ...\n1..1\n# tests 1\n# suites 0\n# pass 1\n# fail 0\n# cancelled 0\n# skipped 0\n# todo 0\n# duration_ms 47.871667\n",
    "passed": true,
    "timestamp": "2026-01-17T15:54:09.582Z"
  },
  {
    "taskId": "task-011",
    "variant": "a",
    "iteration": 1,
    "code": "export const createOnConnect = (setEdges) => (connection) => {\n  setEdges((edges) => addEdge(connection, edges));\n};",
    "testOutput": "TAP version 13\n# Subtest: createOnConnect uses addEdge\nok 1 - createOnConnect uses addEdge\n  ---\n  duration_ms: 0.346333\n  ...\n1..1\n# tests 1\n# suites 0\n# pass 1\n# fail 0\n# cancelled 0\n# skipped 0\n# todo 0\n# duration_ms 43.733083\n",
    "passed": true,
    "timestamp": "2026-01-17T15:54:15.982Z"
  },
  {
    "taskId": "task-011",
    "variant": "b",
    "iteration": 1,
    "code": "export function createOnConnect(setEdges) {\n  return (connection) => {\n    console.log(connection.source, '->', connection.target);\n    setEdges((eds) => addEdge(connection, eds));\n  };\n}",
    "testOutput": "TAP version 13\n# 1 -> 2\n# Subtest: createOnConnect uses addEdge\nok 1 - createOnConnect uses addEdge\n  ---\n  duration_ms: 1.5695\n  ...\n1..1\n# tests 1\n# suites 0\n# pass 1\n# fail 0\n# cancelled 0\n# skipped 0\n# todo 0\n# duration_ms 48.801583\n",
    "passed": true,
    "timestamp": "2026-01-17T15:54:04.613Z"
  },
  {
    "taskId": "task-012",
    "variant": "a",
    "iteration": 1,
    "code": "export async function validateAndConnect(graph, source, target) {\n  if (source === target) {\n    return false;\n  }\n  if (!graph[source]) {\n    graph[source] = [];\n  }\n  graph[source].push(target);\n  return true;\n}",
    "testOutput": "TAP version 13\n# file:///Users/oscargavin/Documents/projects/autest/generated/temp-test-1768665257561.mjs:20\n# function validateAndConnect(setEdges) {\n# ^\n# SyntaxError: Identifier 'validateAndConnect' has already been declared\n#     at compileSourceTextModule (node:internal/modules/esm/utils:338:16)\n#     at ModuleLoader.moduleStrategy (node:internal/modules/esm/translators:102:18)\n#     at \\#translate (node:internal/modules/esm/loader:468:12)\n#     at ModuleLoader.loadAndTranslate (node:internal/modules/esm/loader:515:27)\n#     at async ModuleJob._link (node:internal/modules/esm/module_job:115:19)\n# Node.js v22.14.0\n# Subtest: generated/temp-test-1768665257561.mjs\nnot ok 1 - generated/temp-test-1768665257561.mjs\n  ---\n  duration_ms: 33.034209\n  location: '/Users/oscargavin/Documents/projects/autest/generated/temp-test-1768665257561.mjs:1:1'\n  failureType: 'testCodeFailure'\n  exitCode: 1\n  signal: ~\n  error: 'test failed'\n  code: 'ERR_TEST_FAILURE'\n  ...\n1..1\n# tests 1\n# suites 0\n# pass 0\n# fail 1\n# cancelled 0\n# skipped 0\n# todo 0\n# duration_ms 36.9715\n",
    "passed": false,
    "timestamp": "2026-01-17T15:54:17.630Z"
  },
  {
    "taskId": "task-012",
    "variant": "b",
    "iteration": 1,
    "code": "export const validateAndConnect = (connection) => {\n  if (connection.source !== connection.target) {\n    console.log(connection.source, '->', connection.target);\n    setEdges((eds) => addEdge(connection, eds));\n  }\n};",
    "testOutput": "TAP version 13\n# file:///Users/oscargavin/Documents/projects/autest/generated/temp-test-1768665252174.mjs:16\n# function validateAndConnect(setEdges) {\n# ^\n# SyntaxError: Identifier 'validateAndConnect' has already been declared\n#     at compileSourceTextModule (node:internal/modules/esm/utils:338:16)\n#     at ModuleLoader.moduleStrategy (node:internal/modules/esm/translators:102:18)\n#     at \\#translate (node:internal/modules/esm/loader:468:12)\n#     at ModuleLoader.loadAndTranslate (node:internal/modules/esm/loader:515:27)\n#     at async ModuleJob._link (node:internal/modules/esm/module_job:115:19)\n# Node.js v22.14.0\n# Subtest: generated/temp-test-1768665252174.mjs\nnot ok 1 - generated/temp-test-1768665252174.mjs\n  ---\n  duration_ms: 35.894292\n  location: '/Users/oscargavin/Documents/projects/autest/generated/temp-test-1768665252174.mjs:1:1'\n  failureType: 'testCodeFailure'\n  exitCode: 1\n  signal: ~\n  error: 'test failed'\n  code: 'ERR_TEST_FAILURE'\n  ...\n1..1\n# tests 1\n# suites 0\n# pass 0\n# fail 1\n# cancelled 0\n# skipped 0\n# todo 0\n# duration_ms 41.2685\n",
    "passed": false,
    "timestamp": "2026-01-17T15:54:12.274Z"
  },
  {
    "taskId": "task-012",
    "variant": "b",
    "iteration": 2,
    "code": "const validateAndConnect = (setEdges) => {\n  return (connection) => {\n    if (connection.source === connection.target) return;\n    setEdges((eds) => addEdge(connection, eds));\n  };\n};",
    "testOutput": "TAP version 13\n# file:///Users/oscargavin/Documents/projects/autest/generated/temp-test-1768665262692.mjs:16\n# function validateAndConnect(setEdges) {\n# ^\n# SyntaxError: Identifier 'validateAndConnect' has already been declared\n#     at compileSourceTextModule (node:internal/modules/esm/utils:338:16)\n#     at ModuleLoader.moduleStrategy (node:internal/modules/esm/translators:102:18)\n#     at \\#translate (node:internal/modules/esm/loader:468:12)\n#     at ModuleLoader.loadAndTranslate (node:internal/modules/esm/loader:515:27)\n#     at async ModuleJob._link (node:internal/modules/esm/module_job:115:19)\n# Node.js v22.14.0\n# Subtest: generated/temp-test-1768665262692.mjs\nnot ok 1 - generated/temp-test-1768665262692.mjs\n  ---\n  duration_ms: 30.054042\n  location: '/Users/oscargavin/Documents/projects/autest/generated/temp-test-1768665262692.mjs:1:1'\n  failureType: 'testCodeFailure'\n  exitCode: 1\n  signal: ~\n  error: 'test failed'\n  code: 'ERR_TEST_FAILURE'\n  ...\n1..1\n# tests 1\n# suites 0\n# pass 0\n# fail 1\n# cancelled 0\n# skipped 0\n# todo 0\n# duration_ms 34.037875\n",
    "passed": false,
    "timestamp": "2026-01-17T15:54:22.759Z"
  },
  {
    "taskId": "task-012",
    "variant": "b",
    "iteration": 3,
    "code": "function validateAndConnect(setEdges) {\n  return (connection) => {\n    if (connection.source === connection.target) return;\n    setEdges((eds) => addEdge(connection, eds));\n  };\n}",
    "testOutput": "TAP version 13\n# file:///Users/oscargavin/Documents/projects/autest/generated/temp-test-1768665278351.mjs:16\n# function validateAndConnect(setEdges) {\n# ^\n# SyntaxError: Identifier 'validateAndConnect' has already been declared\n#     at compileSourceTextModule (node:internal/modules/esm/utils:338:16)\n#     at ModuleLoader.moduleStrategy (node:internal/modules/esm/translators:102:18)\n#     at \\#translate (node:internal/modules/esm/loader:468:12)\n#     at ModuleLoader.loadAndTranslate (node:internal/modules/esm/loader:515:27)\n#     at async ModuleJob._link (node:internal/modules/esm/module_job:115:19)\n# Node.js v22.14.0\n# Subtest: generated/temp-test-1768665278351.mjs\nnot ok 1 - generated/temp-test-1768665278351.mjs\n  ---\n  duration_ms: 34.286125\n  location: '/Users/oscargavin/Documents/projects/autest/generated/temp-test-1768665278351.mjs:1:1'\n  failureType: 'testCodeFailure'\n  exitCode: 1\n  signal: ~\n  error: 'test failed'\n  code: 'ERR_TEST_FAILURE'\n  ...\n1..1\n# tests 1\n# suites 0\n# pass 0\n# fail 1\n# cancelled 0\n# skipped 0\n# todo 0\n# duration_ms 39.777833\n",
    "passed": false,
    "timestamp": "2026-01-17T15:54:38.445Z"
  },
  {
    "taskId": "task-013",
    "variant": "a",
    "iteration": 1,
    "code": "export function createNodeTypes(CustomNode) {\n  return {\n    custom: CustomNode,\n  };\n}",
    "testOutput": "TAP version 13\n# Subtest: createNodeTypes maps custom\nok 1 - createNodeTypes maps custom\n  ---\n  duration_ms: 0.63125\n  ...\n1..1\n# tests 1\n# suites 0\n# pass 1\n# fail 0\n# cancelled 0\n# skipped 0\n# todo 0\n# duration_ms 48.100542\n",
    "passed": true,
    "timestamp": "2026-01-17T15:54:14.742Z"
  },
  {
    "taskId": "task-013",
    "variant": "b",
    "iteration": 1,
    "code": "export function createNodeTypes(CustomNode) {\n  return { custom: CustomNode };\n}",
    "testOutput": "TAP version 13\n# Subtest: createNodeTypes maps custom\nok 1 - createNodeTypes maps custom\n  ---\n  duration_ms: 0.6095\n  ...\n1..1\n# tests 1\n# suites 0\n# pass 1\n# fail 0\n# cancelled 0\n# skipped 0\n# todo 0\n# duration_ms 48.649458\n",
    "passed": true,
    "timestamp": "2026-01-17T15:54:07.848Z"
  },
  {
    "taskId": "task-014",
    "variant": "a",
    "iteration": 1,
    "code": "export async function buildCustomNode(data) {\n  return {\n    type: 'custom',\n    data\n  };\n}",
    "testOutput": "TAP version 13\n# Subtest: buildCustomNode has type custom\nnot ok 1 - buildCustomNode has type custom\n  ---\n  duration_ms: 0.76425\n  location: '/Users/oscargavin/Documents/projects/autest/generated/temp-test-1768665251148.mjs:11:1'\n  failureType: 'testCodeFailure'\n  error: |-\n    Expected values to be strictly equal:\n    + actual - expected\n    \n    + undefined\n    - 'custom'\n    \n  code: 'ERR_ASSERTION'\n  name: 'AssertionError'\n  expected: 'custom'\n  operator: 'strictEqual'\n  stack: |-\n    TestContext.<anonymous> (file:///Users/oscargavin/Documents/projects/autest/generated/temp-test-1768665251148.mjs:13:10)\n    Test.runInAsyncScope (node:async_hooks:211:14)\n    Test.run (node:internal/test_runner/test:979:25)\n    Test.start (node:internal/test_runner/test:877:17)\n    startSubtestAfterBootstrap (node:internal/test_runner/harness:296:17)\n  ...\n1..1\n# tests 1\n# suites 0\n# pass 0\n# fail 1\n# cancelled 0\n# skipped 0\n# todo 0\n# duration_ms 47.547042\n",
    "passed": false,
    "timestamp": "2026-01-17T15:54:11.249Z"
  },
  {
    "taskId": "task-014",
    "variant": "b",
    "iteration": 1,
    "code": "export function buildCustomNode(id, position, data) {\n  return {\n    id,\n    type: 'custom',\n    position,\n    data\n  };\n}",
    "testOutput": "TAP version 13\n# Subtest: buildCustomNode has type custom\nnot ok 1 - buildCustomNode has type custom\n  ---\n  duration_ms: 0.905875\n  location: '/Users/oscargavin/Documents/projects/autest/generated/temp-test-1768665255733.mjs:13:1'\n  failureType: 'testCodeFailure'\n  error: |-\n    Expected values to be strictly equal:\n    + actual - expected\n    \n    + {\n    +   label: 'Test'\n    + }\n    - '1'\n    \n  code: 'ERR_ASSERTION'\n  name: 'AssertionError'\n  expected: '1'\n  actual:\n    label: 'Test'\n  operator: 'strictEqual'\n  stack: |-\n    TestContext.<anonymous> (file:///Users/oscargavin/Documents/projects/autest/generated/temp-test-1768665255733.mjs:16:10)\n    Test.runInAsyncScope (node:async_hooks:211:14)\n    Test.run (node:internal/test_runner/test:979:25)\n    Test.start (node:internal/test_runner/test:877:17)\n    startSubtestAfterBootstrap (node:internal/test_runner/harness:296:17)\n  ...\n1..1\n# tests 1\n# suites 0\n# pass 0\n# fail 1\n# cancelled 0\n# skipped 0\n# todo 0\n# duration_ms 48.106791\n",
    "passed": false,
    "timestamp": "2026-01-17T15:54:15.838Z"
  },
  {
    "taskId": "task-014",
    "variant": "b",
    "iteration": 2,
    "code": "export function buildCustomNode(data, id) {\n  return {\n    id,\n    type: 'custom',\n    data\n  };\n}",
    "testOutput": "TAP version 13\n# Subtest: buildCustomNode has type custom\nok 1 - buildCustomNode has type custom\n  ---\n  duration_ms: 0.61375\n  ...\n1..1\n# tests 1\n# suites 0\n# pass 1\n# fail 0\n# cancelled 0\n# skipped 0\n# todo 0\n# duration_ms 47.922917\n",
    "passed": true,
    "timestamp": "2026-01-17T15:54:33.953Z"
  },
  {
    "taskId": "task-015",
    "variant": "a",
    "iteration": 1,
    "code": "export async function fullCustomSetup() {\n  const CustomNode = (props) => {\n    // Placeholder custom node component for testing\n    return null;\n  };\n\n  const nodeTypes = {\n    custom: CustomNode\n  };\n\n  const initialNodes = [\n    {\n      id: '1',\n      type: 'custom',\n      data: { label: 'Custom Node 1' },\n      position: { x: 100, y: 100 }\n    },\n    {\n      id: '2',\n      type: 'custom',\n      data: { label: 'Custom Node 2' },\n      position: { x: 400, y: 100 }\n    }\n  ];\n\n  return { nodeTypes, initialNodes };\n}",
    "testOutput": "TAP version 13\n# Subtest: fullCustomSetup provides both\nnot ok 1 - fullCustomSetup provides both\n  ---\n  duration_ms: 0.358083\n  location: '/Users/oscargavin/Documents/projects/autest/generated/temp-test-1768665267002.mjs:34:1'\n  failureType: 'testCodeFailure'\n  error: \"Cannot read properties of undefined (reading 'custom')\"\n  code: 'ERR_TEST_FAILURE'\n  name: 'TypeError'\n  stack: |-\n    TestContext.<anonymous> (file:///Users/oscargavin/Documents/projects/autest/generated/temp-test-1768665267002.mjs:36:38)\n    Test.runInAsyncScope (node:async_hooks:211:14)\n    Test.run (node:internal/test_runner/test:979:25)\n    Test.start (node:internal/test_runner/test:877:17)\n    startSubtestAfterBootstrap (node:internal/test_runner/harness:296:17)\n  ...\n1..1\n# tests 1\n# suites 0\n# pass 0\n# fail 1\n# cancelled 0\n# skipped 0\n# todo 0\n# duration_ms 48.113167\n",
    "passed": false,
    "timestamp": "2026-01-17T15:54:27.114Z"
  },
  {
    "taskId": "task-015",
    "variant": "b",
    "iteration": 1,
    "code": "export function fullCustomSetup() {\n  const CustomNode = ({ data, isConnectable }) => {\n    return (\n      <>\n        <Handle type=\"target\" position={Position.Top} isConnectable={isConnectable} />\n        <div style={{ padding: 10, background: 'white', border: '1px solid #ddd', borderRadius: 5 }}>\n          {data.label}\n        </div>\n        <Handle type=\"source\" position={Position.Bottom} isConnectable={isConnectable} />\n      </>\n    );\n  };\n\n  const nodeTypes = { custom: CustomNode };\n\n  const initialNodes = [\n    { id: '1', type: 'custom', position: { x: 250, y: 25 }, data: { label: 'Custom Node 1' } },\n    { id: '2', type: 'custom', position: { x: 100, y: 125 }, data: { label: 'Custom Node 2' } }\n  ];\n\n  return { nodeTypes, initialNodes };\n}",
    "testOutput": "TAP version 13\n# file:///Users/oscargavin/Documents/projects/autest/generated/temp-test-1768665266159.mjs:4\n#       <>\n#       ^\n# SyntaxError: Unexpected token '<'\n#     at compileSourceTextModule (node:internal/modules/esm/utils:338:16)\n#     at ModuleLoader.moduleStrategy (node:internal/modules/esm/translators:102:18)\n#     at \\#translate (node:internal/modules/esm/loader:468:12)\n#     at ModuleLoader.loadAndTranslate (node:internal/modules/esm/loader:515:27)\n#     at async ModuleJob._link (node:internal/modules/esm/module_job:115:19)\n# Node.js v22.14.0\n# Subtest: generated/temp-test-1768665266159.mjs\nnot ok 1 - generated/temp-test-1768665266159.mjs\n  ---\n  duration_ms: 34.209292\n  location: '/Users/oscargavin/Documents/projects/autest/generated/temp-test-1768665266159.mjs:1:1'\n  failureType: 'testCodeFailure'\n  exitCode: 1\n  signal: ~\n  error: 'test failed'\n  code: 'ERR_TEST_FAILURE'\n  ...\n1..1\n# tests 1\n# suites 0\n# pass 0\n# fail 1\n# cancelled 0\n# skipped 0\n# todo 0\n# duration_ms 39.480375\n",
    "passed": false,
    "timestamp": "2026-01-17T15:54:26.260Z"
  },
  {
    "taskId": "task-015",
    "variant": "b",
    "iteration": 2,
    "code": "export function fullCustomSetup(CustomNode) {\n  const nodeTypes = { custom: CustomNode };\n\n  const initialNodes = [\n    { id: '1', type: 'custom', position: { x: 250, y: 25 }, data: { label: 'Custom Node 1' } },\n    { id: '2', type: 'custom', position: { x: 100, y: 125 }, data: { label: 'Custom Node 2' } }\n  ];\n\n  return { nodeTypes, initialNodes };\n}",
    "testOutput": "TAP version 13\n# Subtest: fullCustomSetup provides both\nok 1 - fullCustomSetup provides both\n  ---\n  duration_ms: 0.343042\n  ...\n1..1\n# tests 1\n# suites 0\n# pass 1\n# fail 0\n# cancelled 0\n# skipped 0\n# todo 0\n# duration_ms 44.219208\n",
    "passed": true,
    "timestamp": "2026-01-17T15:54:36.413Z"
  },
  {
    "taskId": "task-016",
    "variant": "a",
    "iteration": 1,
    "code": "export async function nodeCountDisplay() {\n  const nodes = await useNodes();\n  return `${nodes.length}`;\n}",
    "testOutput": "TAP version 13\n# Subtest: nodeCountDisplay returns length string\nnot ok 1 - nodeCountDisplay returns length string\n  ---\n  duration_ms: 0.93325\n  location: '/Users/oscargavin/Documents/projects/autest/generated/temp-test-1768665262561.mjs:15:1'\n  failureType: 'testCodeFailure'\n  error: |-\n    Expected values to be strictly equal:\n    + actual - expected\n    \n    + Promise {\n    +   <pending>,\n    +   [Symbol(async_id_symbol)]: 35,\n    +   [Symbol(trigger_async_id_symbol)]: 17\n    + }\n    - '2 nodes'\n    \n  code: 'ERR_TEST_FAILURE'\n  ...\n1..1\n# tests 1\n# suites 0\n# pass 0\n# fail 1\n# cancelled 0\n# skipped 0\n# todo 0\n# duration_ms 48.884042\n",
    "passed": false,
    "timestamp": "2026-01-17T15:54:22.674Z"
  },
  {
    "taskId": "task-016",
    "variant": "b",
    "iteration": 1,
    "code": "export function nodeCountDisplay() {\n  const nodes = useNodes();\n  return `${nodes.length} nodes`;\n}",
    "testOutput": "TAP version 13\n# Subtest: nodeCountDisplay returns length string\nok 1 - nodeCountDisplay returns length string\n  ---\n  duration_ms: 0.354834\n  ...\n1..1\n# tests 1\n# suites 0\n# pass 1\n# fail 0\n# cancelled 0\n# skipped 0\n# todo 0\n# duration_ms 46.54625\n",
    "passed": true,
    "timestamp": "2026-01-17T15:54:17.624Z"
  },
  {
    "taskId": "task-017",
    "variant": "a",
    "iteration": 1,
    "code": "export async function listNodeIds() {\n  const nodes = await useNodes();\n  return nodes.map(node => node.id);\n}",
    "testOutput": "TAP version 13\n# Subtest: listNodeIds maps ids\nnot ok 1 - listNodeIds maps ids\n  ---\n  duration_ms: 1.206083\n  location: '/Users/oscargavin/Documents/projects/autest/generated/temp-test-1768665259713.mjs:13:1'\n  failureType: 'testCodeFailure'\n  error: |-\n    Expected values to be strictly deep-equal:\n    + actual - expected\n    \n    + Promise {\n    +   <pending>,\n    +   [Symbol(async_id_symbol)]: 35,\n    +   [Symbol(trigger_async_id_symbol)]: 17\n    + }\n    - [\n    -   '1',\n    -   '2'\n    - ]\n    \n  code: 'ERR_TEST_FAILURE'\n  ...\n1..1\n# tests 1\n# suites 0\n# pass 0\n# fail 1\n# cancelled 0\n# skipped 0\n# todo 0\n# duration_ms 46.26375\n",
    "passed": false,
    "timestamp": "2026-01-17T15:54:19.802Z"
  },
  {
    "taskId": "task-017",
    "variant": "b",
    "iteration": 1,
    "code": "export function listNodeIds() {\n  const nodes = useNodes();\n  return nodes.map((node) => node.id);\n}",
    "testOutput": "TAP version 13\n# Subtest: listNodeIds maps ids\nok 1 - listNodeIds maps ids\n  ---\n  duration_ms: 0.613917\n  ...\n1..1\n# tests 1\n# suites 0\n# pass 1\n# fail 0\n# cancelled 0\n# skipped 0\n# todo 0\n# duration_ms 51.989541\n",
    "passed": true,
    "timestamp": "2026-01-17T15:54:19.611Z"
  },
  {
    "taskId": "task-018",
    "variant": "a",
    "iteration": 1,
    "code": "export async function addNodeViaInstance(reactFlowInstance, newNode) {\n  await reactFlowInstance.addNodes([newNode]);\n}",
    "testOutput": "TAP version 13\n# Subtest: addNodeViaInstance calls addNodes\nok 1 - addNodeViaInstance calls addNodes\n  ---\n  duration_ms: 0.6565\n  ...\n1..1\n# tests 1\n# suites 0\n# pass 1\n# fail 0\n# cancelled 0\n# skipped 0\n# todo 0\n# duration_ms 47.779792\n",
    "passed": true,
    "timestamp": "2026-01-17T15:54:25.981Z"
  },
  {
    "taskId": "task-018",
    "variant": "b",
    "iteration": 1,
    "code": "export async function addNodeViaInstance(reactFlowInstance, newNode) {\n  await reactFlowInstance.addNodes([newNode]);\n}",
    "testOutput": "TAP version 13\n# Subtest: addNodeViaInstance calls addNodes\nok 1 - addNodeViaInstance calls addNodes\n  ---\n  duration_ms: 0.690666\n  ...\n1..1\n# tests 1\n# suites 0\n# pass 1\n# fail 0\n# cancelled 0\n# skipped 0\n# todo 0\n# duration_ms 47.528541\n",
    "passed": true,
    "timestamp": "2026-01-17T15:54:24.290Z"
  },
  {
    "taskId": "task-019",
    "variant": "a",
    "iteration": 1,
    "code": "export async function combinedStateInit() {\n  return {\n    nodes: [],\n    edges: []\n  };\n}",
    "testOutput": "TAP version 13\n# Subtest: combinedStateInit captures both\nnot ok 1 - combinedStateInit captures both\n  ---\n  duration_ms: 1.046708\n  location: '/Users/oscargavin/Documents/projects/autest/generated/temp-test-1768665268694.mjs:17:1'\n  failureType: 'testCodeFailure'\n  error: |-\n    Expected values to be strictly deep-equal:\n    + actual - expected\n    \n    + undefined\n    - [\n    -   {\n    -     id: 'n1'\n    -   }\n    - ]\n    \n  code: 'ERR_ASSERTION'\n  name: 'AssertionError'\n  expected:\n    0:\n      id: 'n1'\n  operator: 'deepStrictEqual'\n  stack: |-\n    TestContext.<anonymous> (file:///Users/oscargavin/Documents/projects/autest/generated/temp-test-1768665268694.mjs:19:10)\n    Test.runInAsyncScope (node:async_hooks:211:14)\n    Test.run (node:internal/test_runner/test:979:25)\n    Test.start (node:internal/test_runner/test:877:17)\n    startSubtestAfterBootstrap (node:internal/test_runner/harness:296:17)\n  ...\n1..1\n# tests 1\n# suites 0\n# pass 0\n# fail 1\n# cancelled 0\n# skipped 0\n# todo 0\n# duration_ms 48.422834\n",
    "passed": false,
    "timestamp": "2026-01-17T15:54:28.805Z"
  },
  {
    "taskId": "task-019",
    "variant": "b",
    "iteration": 1,
    "code": "export function combinedStateInit(initialNodes, initialEdges) {\n  const [nodes, setNodes, onNodesChange] = useNodesState(initialNodes);\n  const [edges, setEdges, onEdgesChange] = useEdgesState(initialEdges);\n  return [nodes, setNodes, onNodesChange, edges, setEdges, onEdgesChange];\n}",
    "testOutput": "TAP version 13\n# Subtest: combinedStateInit captures both\nok 1 - combinedStateInit captures both\n  ---\n  duration_ms: 0.591541\n  ...\n1..1\n# tests 1\n# suites 0\n# pass 1\n# fail 0\n# cancelled 0\n# skipped 0\n# todo 0\n# duration_ms 40.753291\n",
    "passed": true,
    "timestamp": "2026-01-17T15:54:28.874Z"
  },
  {
    "taskId": "task-020",
    "variant": "a",
    "iteration": 1,
    "code": "export const reactFlowWithTypes = async () => ({\n  nodeTypes: {},\n  edgeTypes: {}\n});",
    "testOutput": "TAP version 13\n# Subtest: reactFlowWithTypes includes types\nnot ok 1 - reactFlowWithTypes includes types\n  ---\n  duration_ms: 0.367541\n  location: '/Users/oscargavin/Documents/projects/autest/generated/temp-test-1768665276067.mjs:11:1'\n  failureType: 'testCodeFailure'\n  error: \"Cannot read properties of undefined (reading 'custom')\"\n  code: 'ERR_TEST_FAILURE'\n  name: 'TypeError'\n  stack: |-\n    TestContext.<anonymous> (file:///Users/oscargavin/Documents/projects/autest/generated/temp-test-1768665276067.mjs:13:38)\n    Test.runInAsyncScope (node:async_hooks:211:14)\n    Test.run (node:internal/test_runner/test:979:25)\n    Test.start (node:internal/test_runner/test:877:17)\n    startSubtestAfterBootstrap (node:internal/test_runner/harness:296:17)\n  ...\n1..1\n# tests 1\n# suites 0\n# pass 0\n# fail 1\n# cancelled 0\n# skipped 0\n# todo 0\n# duration_ms 48.34975\n",
    "passed": false,
    "timestamp": "2026-01-17T15:54:36.173Z"
  },
  {
    "taskId": "task-020",
    "variant": "b",
    "iteration": 1,
    "code": "export function reactFlowWithTypes() {\n  return {\n    nodes: [],\n    edges: [],\n    onNodesChange: () => {},\n    onEdgesChange: () => {},\n    fitView: true,\n    nodeTypes: {},\n    edgeTypes: {},\n  };\n}",
    "testOutput": "TAP version 13\n# Subtest: reactFlowWithTypes includes types\nnot ok 1 - reactFlowWithTypes includes types\n  ---\n  duration_ms: 0.755541\n  location: '/Users/oscargavin/Documents/projects/autest/generated/temp-test-1768665283958.mjs:18:1'\n  failureType: 'testCodeFailure'\n  error: |-\n    Expected values to be strictly equal:\n    \n    undefined !== {}\n    \n  code: 'ERR_ASSERTION'\n  name: 'AssertionError'\n  expected:\n  operator: 'strictEqual'\n  stack: |-\n    TestContext.<anonymous> (file:///Users/oscargavin/Documents/projects/autest/generated/temp-test-1768665283958.mjs:20:10)\n    Test.runInAsyncScope (node:async_hooks:211:14)\n    Test.run (node:internal/test_runner/test:979:25)\n    Test.start (node:internal/test_runner/test:877:17)\n    startSubtestAfterBootstrap (node:internal/test_runner/harness:296:17)\n  ...\n1..1\n# tests 1\n# suites 0\n# pass 0\n# fail 1\n# cancelled 0\n# skipped 0\n# todo 0\n# duration_ms 48.053667\n",
    "passed": false,
    "timestamp": "2026-01-17T15:54:44.068Z"
  },
  {
    "taskId": "task-020",
    "variant": "b",
    "iteration": 2,
    "code": "export function reactFlowWithTypes(nodeType, edgeType, nodes, edges) {\n  return {\n    nodes,\n    edges,\n    onNodesChange: () => {},\n    onEdgesChange: () => {},\n    fitView: true,\n    nodeTypes: { custom: nodeType },\n    edgeTypes: { custom: edgeType },\n  };\n}",
    "testOutput": "TAP version 13\n# Subtest: reactFlowWithTypes includes types\nok 1 - reactFlowWithTypes includes types\n  ---\n  duration_ms: 0.354709\n  ...\n1..1\n# tests 1\n# suites 0\n# pass 1\n# fail 0\n# cancelled 0\n# skipped 0\n# todo 0\n# duration_ms 46.888709\n",
    "passed": true,
    "timestamp": "2026-01-17T15:54:49.482Z"
  },
  {
    "taskId": "task-021",
    "variant": "a",
    "iteration": 1,
    "code": "export async function batchAddEdges(addEdge, edges) {\n  for (const edge of edges) {\n    await addEdge(...edge);\n  }\n}",
    "testOutput": "TAP version 13\n# Subtest: batchAddEdges calls addEdge for each\nnot ok 1 - batchAddEdges calls addEdge for each\n  ---\n  duration_ms: 0.369709\n  location: '/Users/oscargavin/Documents/projects/autest/generated/temp-test-1768665281949.mjs:19:1'\n  failureType: 'testCodeFailure'\n  error: 'updater is not a function'\n  code: 'ERR_TEST_FAILURE'\n  name: 'TypeError'\n  stack: |-\n    TestContext.<anonymous> (file:///Users/oscargavin/Documents/projects/autest/generated/temp-test-1768665281949.mjs:21:3)\n    Test.runInAsyncScope (node:async_hooks:211:14)\n    Test.run (node:internal/test_runner/test:979:25)\n    Test.start (node:internal/test_runner/test:877:17)\n    startSubtestAfterBootstrap (node:internal/test_runner/harness:296:17)\n  ...\n# Error: Test \"batchAddEdges calls addEdge for each\" at generated/temp-test-1768665281949.mjs:19:1 generated asynchronous activity after the test ended. This activity created the error \"TypeError: edges is not iterable\" and would have caused the test to fail, but instead triggered an unhandledRejection event.\n1..1\n# tests 1\n# suites 0\n# pass 0\n# fail 1\n# cancelled 0\n# skipped 0\n# todo 0\n# duration_ms 48.793791\n",
    "passed": false,
    "timestamp": "2026-01-17T15:54:42.061Z"
  },
  {
    "taskId": "task-021",
    "variant": "b",
    "iteration": 1,
    "code": "export function batchAddEdges(connections, edges) {\n  return connections.reduce((acc, connection) => addEdge(connection, acc), edges);\n}",
    "testOutput": "TAP version 13\n# Subtest: batchAddEdges calls addEdge for each\nnot ok 1 - batchAddEdges calls addEdge for each\n  ---\n  duration_ms: 0.373\n  location: '/Users/oscargavin/Documents/projects/autest/generated/temp-test-1768665274582.mjs:17:1'\n  failureType: 'testCodeFailure'\n  error: 'updater is not a function'\n  code: 'ERR_TEST_FAILURE'\n  name: 'TypeError'\n  stack: |-\n    TestContext.<anonymous> (file:///Users/oscargavin/Documents/projects/autest/generated/temp-test-1768665274582.mjs:19:3)\n    Test.runInAsyncScope (node:async_hooks:211:14)\n    Test.run (node:internal/test_runner/test:979:25)\n    Test.start (node:internal/test_runner/test:877:17)\n    startSubtestAfterBootstrap (node:internal/test_runner/harness:296:17)\n  ...\n1..1\n# tests 1\n# suites 0\n# pass 0\n# fail 1\n# cancelled 0\n# skipped 0\n# todo 0\n# duration_ms 48.981792\n",
    "passed": false,
    "timestamp": "2026-01-17T15:54:34.695Z"
  },
  {
    "taskId": "task-021",
    "variant": "b",
    "iteration": 2,
    "code": "export function batchAddEdges(connections) {\n  return (edges) => connections.reduce((acc, connection) => addEdge(connection, acc), edges);\n}",
    "testOutput": "TAP version 13\n# Subtest: batchAddEdges calls addEdge for each\nok 1 - batchAddEdges calls addEdge for each\n  ---\n  duration_ms: 0.511875\n  ...\n1..1\n# tests 1\n# suites 0\n# pass 1\n# fail 0\n# cancelled 0\n# skipped 0\n# todo 0\n# duration_ms 47.970334\n",
    "passed": true,
    "timestamp": "2026-01-17T15:54:41.147Z"
  },
  {
    "taskId": "task-022",
    "variant": "a",
    "iteration": 1,
    "code": "export function nodeWithHandles({\n  id,\n  data = {},\n  position = { x: 0, y: 0 },\n  sourcePosition = 'right',\n  targetPosition = 'left'\n} = {}) {\n  return {\n    id,\n    type: 'custom',\n    position,\n    data,\n    sourcePosition,\n    targetPosition\n  };\n}",
    "testOutput": "TAP version 13\n# Subtest: nodeWithHandles has positions\nok 1 - nodeWithHandles has positions\n  ---\n  duration_ms: 0.350333\n  ...\n1..1\n# tests 1\n# suites 0\n# pass 1\n# fail 0\n# cancelled 0\n# skipped 0\n# todo 0\n# duration_ms 52.736542\n",
    "passed": true,
    "timestamp": "2026-01-17T15:54:48.273Z"
  },
  {
    "taskId": "task-022",
    "variant": "b",
    "iteration": 1,
    "code": "export function nodeWithHandles({ data, isConnectable }) {\n  return (\n    <div\n      style={{\n        position: 'relative',\n        padding: 10,\n        background: 'white',\n        border: '1px solid #555',\n        borderRadius: 5,\n      }}\n    >\n      <Handle\n        type=\"target\"\n        position={data.targetPosition}\n        isConnectable={isConnectable}\n      />\n      <div>{data.label}</div>\n      <Handle\n        type=\"source\"\n        position={data.sourcePosition}\n        isConnectable={isConnectable}\n      />\n    </div>\n  );\n}",
    "testOutput": "TAP version 13\n# file:///Users/oscargavin/Documents/projects/autest/generated/temp-test-1768665297664.mjs:3\n#     <div\n#     ^\n# SyntaxError: Unexpected token '<'\n#     at compileSourceTextModule (node:internal/modules/esm/utils:338:16)\n#     at ModuleLoader.moduleStrategy (node:internal/modules/esm/translators:102:18)\n#     at \\#translate (node:internal/modules/esm/loader:468:12)\n#     at ModuleLoader.loadAndTranslate (node:internal/modules/esm/loader:515:27)\n#     at async ModuleJob._link (node:internal/modules/esm/module_job:115:19)\n# Node.js v22.14.0\n# Subtest: generated/temp-test-1768665297664.mjs\nnot ok 1 - generated/temp-test-1768665297664.mjs\n  ---\n  duration_ms: 39.999\n  location: '/Users/oscargavin/Documents/projects/autest/generated/temp-test-1768665297664.mjs:1:1'\n  failureType: 'testCodeFailure'\n  exitCode: 1\n  signal: ~\n  error: 'test failed'\n  code: 'ERR_TEST_FAILURE'\n  ...\n1..1\n# tests 1\n# suites 0\n# pass 0\n# fail 1\n# cancelled 0\n# skipped 0\n# todo 0\n# duration_ms 45.376458\n",
    "passed": false,
    "timestamp": "2026-01-17T15:54:57.772Z"
  },
  {
    "taskId": "task-022",
    "variant": "b",
    "iteration": 2,
    "code": "export function nodeWithHandles(id, type) {\n  return {\n    id,\n    type,\n    sourcePosition: 'right',\n    targetPosition: 'left',\n  };\n}",
    "testOutput": "TAP version 13\n# Subtest: nodeWithHandles has positions\nok 1 - nodeWithHandles has positions\n  ---\n  duration_ms: 0.358792\n  ...\n1..1\n# tests 1\n# suites 0\n# pass 1\n# fail 0\n# cancelled 0\n# skipped 0\n# todo 0\n# duration_ms 48.196917\n",
    "passed": true,
    "timestamp": "2026-01-17T15:55:06.528Z"
  },
  {
    "taskId": "task-023",
    "variant": "a",
    "iteration": 1,
    "code": "export async function filteredNodes() {\n  const nodes = await useNodes();\n  return nodes.filter(node => node.selected);\n}",
    "testOutput": "TAP version 13\n# Subtest: filteredNodes returns selected\nnot ok 1 - filteredNodes returns selected\n  ---\n  duration_ms: 0.768\n  location: '/Users/oscargavin/Documents/projects/autest/generated/temp-test-1768665284915.mjs:12:1'\n  failureType: 'testCodeFailure'\n  error: |-\n    Expected values to be strictly equal:\n    \n    undefined !== 1\n    \n  code: 'ERR_ASSERTION'\n  name: 'AssertionError'\n  expected: 1\n  operator: 'strictEqual'\n  stack: |-\n    TestContext.<anonymous> (file:///Users/oscargavin/Documents/projects/autest/generated/temp-test-1768665284915.mjs:14:10)\n    Test.runInAsyncScope (node:async_hooks:211:14)\n    Test.run (node:internal/test_runner/test:979:25)\n    Test.start (node:internal/test_runner/test:877:17)\n    startSubtestAfterBootstrap (node:internal/test_runner/harness:296:17)\n  ...\n1..1\n# tests 1\n# suites 0\n# pass 0\n# fail 1\n# cancelled 0\n# skipped 0\n# todo 0\n# duration_ms 48.177958\n",
    "passed": false,
    "timestamp": "2026-01-17T15:54:45.023Z"
  },
  {
    "taskId": "task-023",
    "variant": "b",
    "iteration": 1,
    "code": "export function filteredNodes() {\n  const nodes = useNodes();\n  return nodes.filter((node) => node.selected);\n}",
    "testOutput": "TAP version 13\n# Subtest: filteredNodes returns selected\nok 1 - filteredNodes returns selected\n  ---\n  duration_ms: 0.334542\n  ...\n1..1\n# tests 1\n# suites 0\n# pass 1\n# fail 0\n# cancelled 0\n# skipped 0\n# todo 0\n# duration_ms 42.345833\n",
    "passed": true,
    "timestamp": "2026-01-17T15:54:45.929Z"
  },
  {
    "taskId": "task-024",
    "variant": "a",
    "iteration": 1,
    "code": "export async function connectWithHandles(connection) {\n  if (connection?.handles) {\n    console.log(connection.handles);\n  }\n}",
    "testOutput": "TAP version 13\n# Subtest: connectWithHandles logs handles\nnot ok 1 - connectWithHandles logs handles\n  ---\n  duration_ms: 0.324833\n  location: '/Users/oscargavin/Documents/projects/autest/generated/temp-test-1768665281579.mjs:14:1'\n  failureType: 'testCodeFailure'\n  error: 'connectWithHandles(...) is not a function'\n  code: 'ERR_TEST_FAILURE'\n  name: 'TypeError'\n  stack: |-\n    TestContext.<anonymous> (file:///Users/oscargavin/Documents/projects/autest/generated/temp-test-1768665281579.mjs:16:23)\n    Test.runInAsyncScope (node:async_hooks:211:14)\n    Test.run (node:internal/test_runner/test:979:25)\n    Test.start (node:internal/test_runner/test:877:17)\n    startSubtestAfterBootstrap (node:internal/test_runner/harness:296:17)\n  ...\n1..1\n# tests 1\n# suites 0\n# pass 0\n# fail 1\n# cancelled 0\n# skipped 0\n# todo 0\n# duration_ms 42.837\n",
    "passed": false,
    "timestamp": "2026-01-17T15:54:41.662Z"
  },
  {
    "taskId": "task-024",
    "variant": "b",
    "iteration": 1,
    "code": "export const connectWithHandles = (connection) => {\n  const source = connection.sourceHandle\n    ? `${connection.source}:${connection.sourceHandle}`\n    : connection.source;\n  const target = connection.targetHandle\n    ? `${connection.target}:${connection.targetHandle}`\n    : connection.target;\n  console.log(source, '->', target);\n};",
    "testOutput": "TAP version 13\n# Subtest: connectWithHandles logs handles\nnot ok 1 - connectWithHandles logs handles\n  ---\n  duration_ms: 0.355959\n  location: '/Users/oscargavin/Documents/projects/autest/generated/temp-test-1768665286572.mjs:18:1'\n  failureType: 'testCodeFailure'\n  error: \"Cannot read properties of undefined (reading 'sourceHandle')\"\n  code: 'ERR_TEST_FAILURE'\n  name: 'TypeError'\n  stack: |-\n    connectWithHandles (file:///Users/oscargavin/Documents/projects/autest/generated/temp-test-1768665286572.mjs:2:29)\n    TestContext.<anonymous> (file:///Users/oscargavin/Documents/projects/autest/generated/temp-test-1768665286572.mjs:20:3)\n    Test.runInAsyncScope (node:async_hooks:211:14)\n    Test.run (node:internal/test_runner/test:979:25)\n    Test.start (node:internal/test_runner/test:877:17)\n    startSubtestAfterBootstrap (node:internal/test_runner/harness:296:17)\n  ...\n1..1\n# tests 1\n# suites 0\n# pass 0\n# fail 1\n# cancelled 0\n# skipped 0\n# todo 0\n# duration_ms 48.103625\n",
    "passed": false,
    "timestamp": "2026-01-17T15:54:46.679Z"
  },
  {
    "taskId": "task-024",
    "variant": "b",
    "iteration": 2,
    "code": "export const connectWithHandles = () => (connection) => {\n  console.log(connection.sourceHandle, '->', connection.targetHandle);\n};",
    "testOutput": "TAP version 13\n# Subtest: connectWithHandles logs handles\nok 1 - connectWithHandles logs handles\n  ---\n  duration_ms: 0.613042\n  ...\n1..1\n# tests 1\n# suites 0\n# pass 1\n# fail 0\n# cancelled 0\n# skipped 0\n# todo 0\n# duration_ms 47.643583\n",
    "passed": true,
    "timestamp": "2026-01-17T15:54:56.690Z"
  },
  {
    "taskId": "task-025",
    "variant": "a",
    "iteration": 1,
    "code": "export function minimalReactFlow() {\n  return {\n    defaultNodes: [\n      {\n        id: '1',\n        position: { x: 250, y: 25 },\n        data: { label: 'One' },\n      },\n      {\n        id: '2',\n        position: { x: 100, y: 125 },\n        data: { label: 'Two' },\n      },\n    ],\n    defaultEdges: [\n      {\n        id: 'e1-2',\n        source: '1',\n        target: '2',\n      },\n    ],\n  };\n}",
    "testOutput": "TAP version 13\n# Subtest: minimalReactFlow uses default props\nok 1 - minimalReactFlow uses default props\n  ---\n  duration_ms: 0.374125\n  ...\n1..1\n# tests 1\n# suites 0\n# pass 1\n# fail 0\n# cancelled 0\n# skipped 0\n# todo 0\n# duration_ms 48.182875\n",
    "passed": true,
    "timestamp": "2026-01-17T15:54:45.813Z"
  },
  {
    "taskId": "task-025",
    "variant": "b",
    "iteration": 1,
    "code": "export function minimalReactFlow() {\n  return {\n    defaultNodes: [\n      {\n        id: '1',\n        data: { label: '1' },\n        position: { x: 250, y: 5 },\n      },\n      {\n        id: '2',\n        data: { label: '2' },\n        position: { x: 100, y: 100 },\n      },\n    ],\n    defaultEdges: [\n      {\n        id: 'e1-2',\n        source: '1',\n        target: '2',\n      },\n    ],\n  };\n}",
    "testOutput": "TAP version 13\n# Subtest: minimalReactFlow uses default props\nok 1 - minimalReactFlow uses default props\n  ---\n  duration_ms: 0.370375\n  ...\n1..1\n# tests 1\n# suites 0\n# pass 1\n# fail 0\n# cancelled 0\n# skipped 0\n# todo 0\n# duration_ms 47.300125\n",
    "passed": true,
    "timestamp": "2026-01-17T15:54:52.121Z"
  }
]