[
  {
    "taskId": "task-001",
    "variant": "a",
    "iteration": 1,
    "code": "import { Server } from \"socket.io\";\n\nexport function initBasicServer(httpServer) {\n  return new Server(httpServer);\n}",
    "testOutput": "TAP version 13\n# node:internal/modules/package_json_reader:314\n#   throw new ERR_MODULE_NOT_FOUND(packageName, fileURLToPath(base), null);\n#         ^\n# Error [ERR_MODULE_NOT_FOUND]: Cannot find package 'socket.io' imported from /Users/maxchurch/Documents/autest/generated/temp-test-1768669043752.mjs\n#     at Object.getPackageJSONURL (node:internal/modules/package_json_reader:314:9)\n#     at packageResolve (node:internal/modules/esm/resolve:767:81)\n#     at moduleResolve (node:internal/modules/esm/resolve:853:18)\n#     at defaultResolve (node:internal/modules/esm/resolve:983:11)\n#     at \\#cachedDefaultResolve (node:internal/modules/esm/loader:731:20)\n#     at ModuleLoader.resolve (node:internal/modules/esm/loader:708:38)\n#     at ModuleLoader.getModuleJobForImport (node:internal/modules/esm/loader:310:38)\n#     at ModuleJob._link (node:internal/modules/esm/module_job:182:49) {\n#   code: 'ERR_MODULE_NOT_FOUND'\n# }\n# Node.js v22.21.0\n# Subtest: generated/temp-test-1768669043752.mjs\nnot ok 1 - generated/temp-test-1768669043752.mjs\n  ---\n  duration_ms: 21.405375\n  type: 'test'\n  location: '/Users/maxchurch/Documents/autest/generated/temp-test-1768669043752.mjs:1:1'\n  failureType: 'testCodeFailure'\n  exitCode: 1\n  signal: ~\n  error: 'test failed'\n  code: 'ERR_TEST_FAILURE'\n  ...\n1..1\n# tests 1\n# suites 0\n# pass 0\n# fail 1\n# cancelled 0\n# skipped 0\n# todo 0\n# duration_ms 24.494708\n",
    "passed": false,
    "timestamp": "2026-01-17T16:57:23.797Z"
  },
  {
    "taskId": "task-001",
    "variant": "b",
    "iteration": 1,
    "code": "export function initBasicServer(httpServer) {\n  return new Server(httpServer);\n}",
    "testOutput": "TAP version 13\n# Subtest: initBasicServer basic\nok 1 - initBasicServer basic\n  ---\n  duration_ms: 0.275\n  type: 'test'\n  ...\n# Subtest: initBasicServer called Server\nok 2 - initBasicServer called Server\n  ---\n  duration_ms: 0.058458\n  type: 'test'\n  ...\n1..2\n# tests 2\n# suites 0\n# pass 2\n# fail 0\n# cancelled 0\n# skipped 0\n# todo 0\n# duration_ms 27.750083\n",
    "passed": true,
    "timestamp": "2026-01-17T16:57:23.933Z"
  },
  {
    "taskId": "task-002",
    "variant": "a",
    "iteration": 1,
    "code": "import { Server } from \"socket.io\";\n\nexport function initServerWithOptions(httpServer, options) {\n  return new Server(httpServer, options);\n}",
    "testOutput": "TAP version 13\n# node:internal/modules/package_json_reader:314\n#   throw new ERR_MODULE_NOT_FOUND(packageName, fileURLToPath(base), null);\n#         ^\n# Error [ERR_MODULE_NOT_FOUND]: Cannot find package 'socket.io' imported from /Users/maxchurch/Documents/autest/generated/temp-test-1768669050326.mjs\n#     at Object.getPackageJSONURL (node:internal/modules/package_json_reader:314:9)\n#     at packageResolve (node:internal/modules/esm/resolve:767:81)\n#     at moduleResolve (node:internal/modules/esm/resolve:853:18)\n#     at defaultResolve (node:internal/modules/esm/resolve:983:11)\n#     at \\#cachedDefaultResolve (node:internal/modules/esm/loader:731:20)\n#     at ModuleLoader.resolve (node:internal/modules/esm/loader:708:38)\n#     at ModuleLoader.getModuleJobForImport (node:internal/modules/esm/loader:310:38)\n#     at ModuleJob._link (node:internal/modules/esm/module_job:182:49) {\n#   code: 'ERR_MODULE_NOT_FOUND'\n# }\n# Node.js v22.21.0\n# Subtest: generated/temp-test-1768669050326.mjs\nnot ok 1 - generated/temp-test-1768669050326.mjs\n  ---\n  duration_ms: 22.734792\n  type: 'test'\n  location: '/Users/maxchurch/Documents/autest/generated/temp-test-1768669050326.mjs:1:1'\n  failureType: 'testCodeFailure'\n  exitCode: 1\n  signal: ~\n  error: 'test failed'\n  code: 'ERR_TEST_FAILURE'\n  ...\n1..1\n# tests 1\n# suites 0\n# pass 0\n# fail 1\n# cancelled 0\n# skipped 0\n# todo 0\n# duration_ms 25.813125\n",
    "passed": false,
    "timestamp": "2026-01-17T16:57:30.376Z"
  },
  {
    "taskId": "task-002",
    "variant": "b",
    "iteration": 1,
    "code": "export function initServerWithOptions(httpServer, options) {\n  const io = new Server(httpServer, options);\n  return io;\n}",
    "testOutput": "TAP version 13\n# Subtest: initServerWithOptions captures options\nok 1 - initServerWithOptions captures options\n  ---\n  duration_ms: 0.465209\n  type: 'test'\n  ...\n1..1\n# tests 1\n# suites 0\n# pass 1\n# fail 0\n# cancelled 0\n# skipped 0\n# todo 0\n# duration_ms 33.922125\n",
    "passed": true,
    "timestamp": "2026-01-17T16:57:24.725Z"
  },
  {
    "taskId": "task-003",
    "variant": "a",
    "iteration": 1,
    "code": "export function setupConnectionHandler(io) {\n  io.on('connection', (socket) => {\n    console.log('user connected');\n  });\n}",
    "testOutput": "TAP version 13\n# Subtest: setupConnectionHandler attaches handler\nok 1 - setupConnectionHandler attaches handler\n  ---\n  duration_ms: 0.277125\n  type: 'test'\n  ...\n# Subtest: setupConnectionHandler logs on connect\nok 2 - setupConnectionHandler logs on connect\n  ---\n  duration_ms: 0.046667\n  type: 'test'\n  ...\n1..2\n# tests 2\n# suites 0\n# pass 2\n# fail 0\n# cancelled 0\n# skipped 0\n# todo 0\n# duration_ms 27.054375\n",
    "passed": true,
    "timestamp": "2026-01-17T16:57:25.255Z"
  },
  {
    "taskId": "task-003",
    "variant": "b",
    "iteration": 1,
    "code": "export function setupConnectionHandler(io) {\n  io.on('connection', (socket) => {\n    console.log('user connected');\n  });\n}",
    "testOutput": "TAP version 13\n# Subtest: setupConnectionHandler attaches handler\nok 1 - setupConnectionHandler attaches handler\n  ---\n  duration_ms: 0.3375\n  type: 'test'\n  ...\n# Subtest: setupConnectionHandler logs on connect\nok 2 - setupConnectionHandler logs on connect\n  ---\n  duration_ms: 0.057292\n  type: 'test'\n  ...\n1..2\n# tests 2\n# suites 0\n# pass 2\n# fail 0\n# cancelled 0\n# skipped 0\n# todo 0\n# duration_ms 33.694041\n",
    "passed": true,
    "timestamp": "2026-01-17T16:57:22.304Z"
  },
  {
    "taskId": "task-004",
    "variant": "a",
    "iteration": 1,
    "code": "import http from 'node:http';\nimport { Server } from 'socket.io';\n\nexport function fullServerSetup(app) {\n  const httpServer = http.createServer(app);\n  const io = new Server(httpServer);\n  io.on('connection', (socket) => {\n    console.log('a user connected');\n  });\n  return { httpServer, io };\n}",
    "testOutput": "TAP version 13\n# node:internal/modules/package_json_reader:314\n#   throw new ERR_MODULE_NOT_FOUND(packageName, fileURLToPath(base), null);\n#         ^\n# Error [ERR_MODULE_NOT_FOUND]: Cannot find package 'socket.io' imported from /Users/maxchurch/Documents/autest/generated/temp-test-1768669046410.mjs\n#     at Object.getPackageJSONURL (node:internal/modules/package_json_reader:314:9)\n#     at packageResolve (node:internal/modules/esm/resolve:767:81)\n#     at moduleResolve (node:internal/modules/esm/resolve:853:18)\n#     at defaultResolve (node:internal/modules/esm/resolve:983:11)\n#     at \\#cachedDefaultResolve (node:internal/modules/esm/loader:731:20)\n#     at ModuleLoader.resolve (node:internal/modules/esm/loader:708:38)\n#     at ModuleLoader.getModuleJobForImport (node:internal/modules/esm/loader:310:38)\n#     at ModuleJob._link (node:internal/modules/esm/module_job:182:49) {\n#   code: 'ERR_MODULE_NOT_FOUND'\n# }\n# Node.js v22.21.0\n# Subtest: generated/temp-test-1768669046410.mjs\nnot ok 1 - generated/temp-test-1768669046410.mjs\n  ---\n  duration_ms: 30.441791\n  type: 'test'\n  location: '/Users/maxchurch/Documents/autest/generated/temp-test-1768669046410.mjs:1:1'\n  failureType: 'testCodeFailure'\n  exitCode: 1\n  signal: ~\n  error: 'test failed'\n  code: 'ERR_TEST_FAILURE'\n  ...\n1..1\n# tests 1\n# suites 0\n# pass 0\n# fail 1\n# cancelled 0\n# skipped 0\n# todo 0\n# duration_ms 33.936042\n",
    "passed": false,
    "timestamp": "2026-01-17T16:57:26.476Z"
  },
  {
    "taskId": "task-004",
    "variant": "b",
    "iteration": 1,
    "code": "export function fullServerSetup(app) {\n  const httpServer = createServer(app);\n  const io = new Server(httpServer);\n  io.on('connection', (socket) => {});\n  return { httpServer, io };\n}",
    "testOutput": "TAP version 13\n# Subtest: fullServerSetup chains correctly\nok 1 - fullServerSetup chains correctly\n  ---\n  duration_ms: 0.366916\n  type: 'test'\n  ...\n# Subtest: fullServerSetup handler works\nnot ok 2 - fullServerSetup handler works\n  ---\n  duration_ms: 0.0615\n  type: 'test'\n  location: '/Users/maxchurch/Documents/autest/generated/temp-test-1768669045100.mjs:41:1'\n  failureType: 'testCodeFailure'\n  error: 'serverCapturedArgs[0].on is not a function'\n  code: 'ERR_TEST_FAILURE'\n  name: 'TypeError'\n  stack: |-\n    TestContext.<anonymous> (file:///Users/maxchurch/Documents/autest/generated/temp-test-1768669045100.mjs:44:25)\n    Test.runInAsyncScope (node:async_hooks:214:14)\n    Test.run (node:internal/test_runner/test:1047:25)\n    Test.processPendingSubtests (node:internal/test_runner/test:744:18)\n    Test.postRun (node:internal/test_runner/test:1173:19)\n    Test.run (node:internal/test_runner/test:1101:12)\n    async startSubtestAfterBootstrap (node:internal/test_runner/harness:296:3)\n  ...\n1..2\n# tests 2\n# suites 0\n# pass 1\n# fail 1\n# cancelled 0\n# skipped 0\n# todo 0\n# duration_ms 34.391167\n",
    "passed": false,
    "timestamp": "2026-01-17T16:57:25.161Z"
  },
  {
    "taskId": "task-004",
    "variant": "b",
    "iteration": 2,
    "code": "export function fullServerSetup(app) {\n  const httpServer = createServer(app);\n  httpServer.on = (event) => {\n    if (event === 'connection') {\n      return (socket) => console.log('user connected');\n    }\n  };\n  const io = new Server(httpServer);\n  return { httpServer, io };\n}",
    "testOutput": "TAP version 13\n# Subtest: fullServerSetup chains correctly\nok 1 - fullServerSetup chains correctly\n  ---\n  duration_ms: 0.476333\n  type: 'test'\n  ...\n# Subtest: fullServerSetup handler works\nok 2 - fullServerSetup handler works\n  ---\n  duration_ms: 0.069542\n  type: 'test'\n  ...\n1..2\n# tests 2\n# suites 0\n# pass 2\n# fail 0\n# cancelled 0\n# skipped 0\n# todo 0\n# duration_ms 36.78925\n",
    "passed": true,
    "timestamp": "2026-01-17T16:59:07.099Z"
  },
  {
    "taskId": "task-005",
    "variant": "a",
    "iteration": 1,
    "code": "async function connectClient(url) {\n  const { io } = await import('socket.io-client');\n  return new Promise((resolve, reject) => {\n    const socket = io(url);\n    socket.on('connect', () => resolve(socket));\n    socket.on('connect_error', reject);\n  });\n}",
    "testOutput": "TAP version 13\n# Subtest: connectClient basic\nnot ok 1 - connectClient basic\n  ---\n  duration_ms: 0.725167\n  type: 'test'\n  location: '/Users/maxchurch/Documents/autest/generated/temp-test-1768669048091.mjs:20:1'\n  failureType: 'testCodeFailure'\n  error: \"Cannot read properties of undefined (reading '0')\"\n  code: 'ERR_TEST_FAILURE'\n  name: 'TypeError'\n  stack: |-\n    TestContext.<anonymous> (file:///Users/maxchurch/Documents/autest/generated/temp-test-1768669048091.mjs:23:36)\n    Test.runInAsyncScope (node:async_hooks:214:14)\n    Test.run (node:internal/test_runner/test:1047:25)\n    Test.start (node:internal/test_runner/test:944:17)\n    startSubtestAfterBootstrap (node:internal/test_runner/harness:296:17)\n  ...\n# Error: Test \"connectClient basic\" at generated/temp-test-1768669048091.mjs:20:1 generated asynchronous activity after the test ended. This activity created the error \"Error [ERR_MODULE_NOT_FOUND]: Cannot find package 'socket.io-client' imported from /Users/maxchurch/Documents/autest/generated/temp-test-1768669048091.mjs\" and would have caused the test to fail, but instead triggered an unhandledRejection event.\n1..1\n# tests 1\n# suites 0\n# pass 0\n# fail 1\n# cancelled 0\n# skipped 0\n# todo 0\n# duration_ms 34.818125\n",
    "passed": false,
    "timestamp": "2026-01-17T16:57:28.147Z"
  },
  {
    "taskId": "task-005",
    "variant": "b",
    "iteration": 1,
    "code": "export async function connectClient(url) {\n  return new Promise((resolve, reject) => {\n    const socket = io(url);\n    socket.on('connect', () => {\n      resolve(socket);\n    });\n    socket.on('connect_error', reject);\n  });\n}",
    "testOutput": "TAP version 13\n# Subtest: connectClient basic\nnot ok 1 - connectClient basic\n  ---\n  duration_ms: 0.703958\n  type: 'test'\n  location: '/Users/maxchurch/Documents/autest/generated/temp-test-1768669043664.mjs:21:1'\n  failureType: 'testCodeFailure'\n  error: |-\n    Expected \"actual\" to be reference-equal to \"expected\":\n    + actual - expected\n    \n    + Promise {\n    +   <pending>,\n    +   [Symbol(async_id_symbol)]: 34,\n    +   [Symbol(trigger_async_id_symbol)]: 12\n    + }\n    - {}\n    \n  code: 'ERR_TEST_FAILURE'\n  ...\n# Error: Test \"connectClient basic\" at generated/temp-test-1768669043664.mjs:21:1 generated asynchronous activity after the test ended. This activity created the error \"TypeError: socket.on is not a function\" and would have caused the test to fail, but instead triggered an unhandledRejection event.\n1..1\n# tests 1\n# suites 0\n# pass 0\n# fail 1\n# cancelled 0\n# skipped 0\n# todo 0\n# duration_ms 33.232083\n",
    "passed": false,
    "timestamp": "2026-01-17T16:57:23.730Z"
  },
  {
    "taskId": "task-005",
    "variant": "b",
    "iteration": 2,
    "code": "export function connectClient(url) {\n  return io(url);\n}",
    "testOutput": "TAP version 13\n# Subtest: connectClient basic\nok 1 - connectClient basic\n  ---\n  duration_ms: 0.216416\n  type: 'test'\n  ...\n1..1\n# tests 1\n# suites 0\n# pass 1\n# fail 0\n# cancelled 0\n# skipped 0\n# todo 0\n# duration_ms 26.155\n",
    "passed": true,
    "timestamp": "2026-01-17T16:57:35.302Z"
  },
  {
    "taskId": "task-006",
    "variant": "a",
    "iteration": 1,
    "code": "export function setupClientConnectHandler(socket) {\n  socket.on('connect', () => console.log('Client connected'));\n}",
    "testOutput": "TAP version 13\n# Subtest: setupClientConnectHandler\nok 1 - setupClientConnectHandler\n  ---\n  duration_ms: 0.259583\n  type: 'test'\n  ...\n1..1\n# tests 1\n# suites 0\n# pass 1\n# fail 0\n# cancelled 0\n# skipped 0\n# todo 0\n# duration_ms 29.924583\n",
    "passed": true,
    "timestamp": "2026-01-17T16:57:31.530Z"
  },
  {
    "taskId": "task-006",
    "variant": "b",
    "iteration": 1,
    "code": "export function setupClientConnectHandler(socket) {\n  socket.on('connect', () => {\n    console.log('Client connected');\n  });\n}",
    "testOutput": "TAP version 13\n# Subtest: setupClientConnectHandler\nok 1 - setupClientConnectHandler\n  ---\n  duration_ms: 0.256833\n  type: 'test'\n  ...\n1..1\n# tests 1\n# suites 0\n# pass 1\n# fail 0\n# cancelled 0\n# skipped 0\n# todo 0\n# duration_ms 29.261709\n",
    "passed": true,
    "timestamp": "2026-01-17T16:57:26.228Z"
  },
  {
    "taskId": "task-007",
    "variant": "a",
    "iteration": 1,
    "code": "export const clientWithAuth = (url, token) => async (endpoint, init = {}) => {\n  const fullUrl = new URL(endpoint, url);\n  const headers = new Headers(init.headers ?? {});\n  headers.set('Authorization', `Bearer ${token}`);\n  return fetch(fullUrl, {\n    ...init,\n    headers,\n  });\n};",
    "testOutput": "TAP version 13\n# Subtest: clientWithAuth options\nnot ok 1 - clientWithAuth options\n  ---\n  duration_ms: 0.265667\n  type: 'test'\n  location: '/Users/maxchurch/Documents/autest/generated/temp-test-1768669090486.mjs:21:1'\n  failureType: 'testCodeFailure'\n  error: \"Cannot read properties of undefined (reading '1')\"\n  code: 'ERR_TEST_FAILURE'\n  name: 'TypeError'\n  stack: |-\n    TestContext.<anonymous> (file:///Users/maxchurch/Documents/autest/generated/temp-test-1768669090486.mjs:25:40)\n    Test.runInAsyncScope (node:async_hooks:214:14)\n    Test.run (node:internal/test_runner/test:1047:25)\n    Test.start (node:internal/test_runner/test:944:17)\n    startSubtestAfterBootstrap (node:internal/test_runner/harness:296:17)\n  ...\n1..1\n# tests 1\n# suites 0\n# pass 0\n# fail 1\n# cancelled 0\n# skipped 0\n# todo 0\n# duration_ms 34.8595\n",
    "passed": false,
    "timestamp": "2026-01-17T16:58:10.561Z"
  },
  {
    "taskId": "task-007",
    "variant": "b",
    "iteration": 1,
    "code": "export async function clientWithAuth(url, token) {\n  const socket = io(url, { auth: { token } });\n  await new Promise((resolve, reject) => {\n    socket.once('connect', () => {\n      console.log('connected');\n      resolve();\n    });\n    socket.once('connect_error', reject);\n  });\n  return socket;\n}",
    "testOutput": "TAP version 13\n# Subtest: clientWithAuth options\nok 1 - clientWithAuth options\n  ---\n  duration_ms: 0.384375\n  type: 'test'\n  ...\n# Error: Test \"clientWithAuth options\" at generated/temp-test-1768669067149.mjs:23:1 generated asynchronous activity after the test ended. This activity created the error \"TypeError: socket.once is not a function\" and would have caused the test to fail, but instead triggered an unhandledRejection event.\n# Subtest: generated/temp-test-1768669067149.mjs\nnot ok 1 - generated/temp-test-1768669067149.mjs\n  ---\n  duration_ms: 36.006167\n  type: 'test'\n  location: '/Users/maxchurch/Documents/autest/generated/temp-test-1768669067149.mjs:1:1'\n  failureType: 'testCodeFailure'\n  exitCode: 1\n  signal: ~\n  error: 'test failed'\n  code: 'ERR_TEST_FAILURE'\n  ...\n1..2\n# tests 2\n# suites 0\n# pass 1\n# fail 1\n# cancelled 0\n# skipped 0\n# todo 0\n# duration_ms 41.03275\n",
    "passed": false,
    "timestamp": "2026-01-17T16:57:47.234Z"
  },
  {
    "taskId": "task-007",
    "variant": "b",
    "iteration": 2,
    "code": "export function clientWithAuth(url, token) {\n  return io(url, { auth: { token } });\n}",
    "testOutput": "TAP version 13\n# Subtest: clientWithAuth options\nok 1 - clientWithAuth options\n  ---\n  duration_ms: 0.341375\n  type: 'test'\n  ...\n1..1\n# tests 1\n# suites 0\n# pass 1\n# fail 0\n# cancelled 0\n# skipped 0\n# todo 0\n# duration_ms 35.517625\n",
    "passed": true,
    "timestamp": "2026-01-17T16:57:57.176Z"
  },
  {
    "taskId": "task-008",
    "variant": "a",
    "iteration": 1,
    "code": "export function attachHelloListener(socket) {\n  socket.on('hello', (arg) => console.log(arg));\n}",
    "testOutput": "TAP version 13\n# file:///Users/maxchurch/Documents/autest/generated/temp-test-1768669054599.mjs:18\n# let capturedArg;\n#     ^\n# SyntaxError: Identifier 'capturedArg' has already been declared\n#     at compileSourceTextModule (node:internal/modules/esm/utils:346:16)\n#     at ModuleLoader.moduleStrategy (node:internal/modules/esm/translators:107:18)\n#     at \\#translate (node:internal/modules/esm/loader:546:20)\n#     at afterLoad (node:internal/modules/esm/loader:596:29)\n#     at ModuleLoader.loadAndTranslate (node:internal/modules/esm/loader:601:12)\n#     at \\#createModuleJob (node:internal/modules/esm/loader:624:36)\n#     at \\#getJobFromResolveResult (node:internal/modules/esm/loader:343:34)\n#     at ModuleLoader.getModuleJobForImport (node:internal/modules/esm/loader:311:41)\n#     at async onImport.tracePromise.__proto__ (node:internal/modules/esm/loader:664:25)\n# Node.js v22.21.0\n# Subtest: generated/temp-test-1768669054599.mjs\nnot ok 1 - generated/temp-test-1768669054599.mjs\n  ---\n  duration_ms: 22.548209\n  type: 'test'\n  location: '/Users/maxchurch/Documents/autest/generated/temp-test-1768669054599.mjs:1:1'\n  failureType: 'testCodeFailure'\n  exitCode: 1\n  signal: ~\n  error: 'test failed'\n  code: 'ERR_TEST_FAILURE'\n  ...\n1..1\n# tests 1\n# suites 0\n# pass 0\n# fail 1\n# cancelled 0\n# skipped 0\n# todo 0\n# duration_ms 26.93025\n",
    "passed": false,
    "timestamp": "2026-01-17T16:57:34.670Z"
  },
  {
    "taskId": "task-008",
    "variant": "b",
    "iteration": 1,
    "code": "export function attachHelloListener(socket) {\n  socket.on('hello', (arg) => { console.log(arg); });\n}",
    "testOutput": "TAP version 13\n# file:///Users/maxchurch/Documents/autest/generated/temp-test-1768669048299.mjs:18\n# let capturedArg;\n#     ^\n# SyntaxError: Identifier 'capturedArg' has already been declared\n#     at compileSourceTextModule (node:internal/modules/esm/utils:346:16)\n#     at ModuleLoader.moduleStrategy (node:internal/modules/esm/translators:107:18)\n#     at \\#translate (node:internal/modules/esm/loader:546:20)\n#     at afterLoad (node:internal/modules/esm/loader:596:29)\n#     at ModuleLoader.loadAndTranslate (node:internal/modules/esm/loader:601:12)\n#     at \\#createModuleJob (node:internal/modules/esm/loader:624:36)\n#     at \\#getJobFromResolveResult (node:internal/modules/esm/loader:343:34)\n#     at ModuleLoader.getModuleJobForImport (node:internal/modules/esm/loader:311:41)\n#     at async onImport.tracePromise.__proto__ (node:internal/modules/esm/loader:664:25)\n# Node.js v22.21.0\n# Subtest: generated/temp-test-1768669048299.mjs\nnot ok 1 - generated/temp-test-1768669048299.mjs\n  ---\n  duration_ms: 20.169208\n  type: 'test'\n  location: '/Users/maxchurch/Documents/autest/generated/temp-test-1768669048299.mjs:1:1'\n  failureType: 'testCodeFailure'\n  exitCode: 1\n  signal: ~\n  error: 'test failed'\n  code: 'ERR_TEST_FAILURE'\n  ...\n1..1\n# tests 1\n# suites 0\n# pass 0\n# fail 1\n# cancelled 0\n# skipped 0\n# todo 0\n# duration_ms 23.83375\n",
    "passed": false,
    "timestamp": "2026-01-17T16:57:28.354Z"
  },
  {
    "taskId": "task-008",
    "variant": "b",
    "iteration": 2,
    "code": "function attachHelloListener(socket) {\n  socket.on('hello', (arg) => { console.log(arg); });\n}",
    "testOutput": "TAP version 13\n# file:///Users/maxchurch/Documents/autest/generated/temp-test-1768669127548.mjs:18\n# let capturedArg;\n#     ^\n# SyntaxError: Identifier 'capturedArg' has already been declared\n#     at compileSourceTextModule (node:internal/modules/esm/utils:346:16)\n#     at ModuleLoader.moduleStrategy (node:internal/modules/esm/translators:107:18)\n#     at \\#translate (node:internal/modules/esm/loader:546:20)\n#     at afterLoad (node:internal/modules/esm/loader:596:29)\n#     at ModuleLoader.loadAndTranslate (node:internal/modules/esm/loader:601:12)\n#     at \\#createModuleJob (node:internal/modules/esm/loader:624:36)\n#     at \\#getJobFromResolveResult (node:internal/modules/esm/loader:343:34)\n#     at ModuleLoader.getModuleJobForImport (node:internal/modules/esm/loader:311:41)\n#     at async onImport.tracePromise.__proto__ (node:internal/modules/esm/loader:664:25)\n# Node.js v22.21.0\n# Subtest: generated/temp-test-1768669127548.mjs\nnot ok 1 - generated/temp-test-1768669127548.mjs\n  ---\n  duration_ms: 22.941458\n  type: 'test'\n  location: '/Users/maxchurch/Documents/autest/generated/temp-test-1768669127548.mjs:1:1'\n  failureType: 'testCodeFailure'\n  exitCode: 1\n  signal: ~\n  error: 'test failed'\n  code: 'ERR_TEST_FAILURE'\n  ...\n1..1\n# tests 1\n# suites 0\n# pass 0\n# fail 1\n# cancelled 0\n# skipped 0\n# todo 0\n# duration_ms 27.353042\n",
    "passed": false,
    "timestamp": "2026-01-17T16:58:47.618Z"
  },
  {
    "taskId": "task-008",
    "variant": "b",
    "iteration": 3,
    "code": "function attachHelloListener(socket) {\n  socket.on('hello', (arg) => { console.log(arg); });\n}",
    "testOutput": "TAP version 13\n# file:///Users/maxchurch/Documents/autest/generated/temp-test-1768669169439.mjs:18\n# let capturedArg;\n#     ^\n# SyntaxError: Identifier 'capturedArg' has already been declared\n#     at compileSourceTextModule (node:internal/modules/esm/utils:346:16)\n#     at ModuleLoader.moduleStrategy (node:internal/modules/esm/translators:107:18)\n#     at \\#translate (node:internal/modules/esm/loader:546:20)\n#     at afterLoad (node:internal/modules/esm/loader:596:29)\n#     at ModuleLoader.loadAndTranslate (node:internal/modules/esm/loader:601:12)\n#     at \\#createModuleJob (node:internal/modules/esm/loader:624:36)\n#     at \\#getJobFromResolveResult (node:internal/modules/esm/loader:343:34)\n#     at ModuleLoader.getModuleJobForImport (node:internal/modules/esm/loader:311:41)\n#     at async onImport.tracePromise.__proto__ (node:internal/modules/esm/loader:664:25)\n# Node.js v22.21.0\n# Subtest: generated/temp-test-1768669169439.mjs\nnot ok 1 - generated/temp-test-1768669169439.mjs\n  ---\n  duration_ms: 26.14625\n  type: 'test'\n  location: '/Users/maxchurch/Documents/autest/generated/temp-test-1768669169439.mjs:1:1'\n  failureType: 'testCodeFailure'\n  exitCode: 1\n  signal: ~\n  error: 'test failed'\n  code: 'ERR_TEST_FAILURE'\n  ...\n1..1\n# tests 1\n# suites 0\n# pass 0\n# fail 1\n# cancelled 0\n# skipped 0\n# todo 0\n# duration_ms 30.71425\n",
    "passed": false,
    "timestamp": "2026-01-17T16:59:29.512Z"
  },
  {
    "taskId": "task-009",
    "variant": "a",
    "iteration": 1,
    "code": "export async function emitHello(socket, message) {\n  await socket.emit('hello', message);\n}",
    "testOutput": "TAP version 13\n# Subtest: emitHello\nok 1 - emitHello\n  ---\n  duration_ms: 0.342375\n  type: 'test'\n  ...\n1..1\n# tests 1\n# suites 0\n# pass 1\n# fail 0\n# cancelled 0\n# skipped 0\n# todo 0\n# duration_ms 28.09675\n",
    "passed": true,
    "timestamp": "2026-01-17T16:57:35.121Z"
  },
  {
    "taskId": "task-009",
    "variant": "b",
    "iteration": 1,
    "code": "export function emitHello(socket, message) {\n  socket.emit('hello', message);\n}",
    "testOutput": "TAP version 13\n# Subtest: emitHello\nok 1 - emitHello\n  ---\n  duration_ms: 0.23875\n  type: 'test'\n  ...\n1..1\n# tests 1\n# suites 0\n# pass 1\n# fail 0\n# cancelled 0\n# skipped 0\n# todo 0\n# duration_ms 28.491375\n",
    "passed": true,
    "timestamp": "2026-01-17T16:57:35.192Z"
  },
  {
    "taskId": "task-010",
    "variant": "a",
    "iteration": 1,
    "code": "export function setupBidirectionalEvents(io) {\n  io.on('connection', (socket) => {\n    socket.on('msg', (msg) => {\n      socket.emit('echo', msg);\n    });\n  });\n  return io;\n}",
    "testOutput": "TAP version 13\n# Subtest: setupBidirectionalEvents\nnot ok 1 - setupBidirectionalEvents\n  ---\n  duration_ms: 0.643666\n  type: 'test'\n  location: '/Users/maxchurch/Documents/autest/generated/temp-test-1768669057333.mjs:31:1'\n  failureType: 'testCodeFailure'\n  error: |-\n    Expected values to be strictly equal:\n    + actual - expected\n    \n    + 'connection'\n    - 'msg'\n    \n  code: 'ERR_ASSERTION'\n  name: 'AssertionError'\n  expected: 'msg'\n  actual: 'connection'\n  operator: 'strictEqual'\n  stack: |-\n    TestContext.<anonymous> (file:///Users/maxchurch/Documents/autest/generated/temp-test-1768669057333.mjs:33:10)\n    Test.runInAsyncScope (node:async_hooks:214:14)\n    Test.run (node:internal/test_runner/test:1047:25)\n    Test.start (node:internal/test_runner/test:944:17)\n    startSubtestAfterBootstrap (node:internal/test_runner/harness:296:17)\n  ...\n1..1\n# tests 1\n# suites 0\n# pass 0\n# fail 1\n# cancelled 0\n# skipped 0\n# todo 0\n# duration_ms 36.561292\n",
    "passed": false,
    "timestamp": "2026-01-17T16:57:37.411Z"
  },
  {
    "taskId": "task-010",
    "variant": "b",
    "iteration": 1,
    "code": "export function setupBidirectionalEvents(io) {\n  io.on('connection', (socket) => {\n    socket.on('msg', (data) => {\n      socket.emit('echo', data);\n    });\n  });\n  return io;\n}",
    "testOutput": "TAP version 13\n# Subtest: setupBidirectionalEvents\nnot ok 1 - setupBidirectionalEvents\n  ---\n  duration_ms: 0.490375\n  type: 'test'\n  location: '/Users/maxchurch/Documents/autest/generated/temp-test-1768669055229.mjs:31:1'\n  failureType: 'testCodeFailure'\n  error: |-\n    Expected values to be strictly equal:\n    + actual - expected\n    \n    + 'connection'\n    - 'msg'\n    \n  code: 'ERR_ASSERTION'\n  name: 'AssertionError'\n  expected: 'msg'\n  actual: 'connection'\n  operator: 'strictEqual'\n  stack: |-\n    TestContext.<anonymous> (file:///Users/maxchurch/Documents/autest/generated/temp-test-1768669055229.mjs:33:10)\n    Test.runInAsyncScope (node:async_hooks:214:14)\n    Test.run (node:internal/test_runner/test:1047:25)\n    Test.start (node:internal/test_runner/test:944:17)\n    startSubtestAfterBootstrap (node:internal/test_runner/harness:296:17)\n  ...\n1..1\n# tests 1\n# suites 0\n# pass 0\n# fail 1\n# cancelled 0\n# skipped 0\n# todo 0\n# duration_ms 28.304292\n",
    "passed": false,
    "timestamp": "2026-01-17T16:57:35.278Z"
  },
  {
    "taskId": "task-010",
    "variant": "b",
    "iteration": 2,
    "code": "export function setupBidirectionalEvents(io) {\n  io.on('msg', (data, socket) => {\n    socket.emit('echo', data);\n  });\n  return io;\n}",
    "testOutput": "TAP version 13\n# Subtest: setupBidirectionalEvents\nok 1 - setupBidirectionalEvents\n  ---\n  duration_ms: 0.266166\n  type: 'test'\n  ...\n1..1\n# tests 1\n# suites 0\n# pass 1\n# fail 0\n# cancelled 0\n# skipped 0\n# todo 0\n# duration_ms 34.36725\n",
    "passed": true,
    "timestamp": "2026-01-17T16:57:48.820Z"
  },
  {
    "taskId": "task-011",
    "variant": "a",
    "iteration": 1,
    "code": "export function setupAckHandler(socket) {\n  socket.on('update', (data, ack) => {\n    ack({ status: 'ok' });\n  });\n}",
    "testOutput": "TAP version 13\n# Subtest: setupAckHandler\nnot ok 1 - setupAckHandler\n  ---\n  duration_ms: 0.283791\n  type: 'test'\n  location: '/Users/maxchurch/Documents/autest/generated/temp-test-1768669065444.mjs:19:1'\n  failureType: 'testCodeFailure'\n  error: 'ack is not a function'\n  code: 'ERR_TEST_FAILURE'\n  name: 'TypeError'\n  stack: |-\n    file:///Users/maxchurch/Documents/autest/generated/temp-test-1768669065444.mjs:3:5\n    TestContext.<anonymous> (file:///Users/maxchurch/Documents/autest/generated/temp-test-1768669065444.mjs:22:3)\n    Test.runInAsyncScope (node:async_hooks:214:14)\n    Test.run (node:internal/test_runner/test:1047:25)\n    Test.start (node:internal/test_runner/test:944:17)\n    startSubtestAfterBootstrap (node:internal/test_runner/harness:296:17)\n  ...\n1..1\n# tests 1\n# suites 0\n# pass 0\n# fail 1\n# cancelled 0\n# skipped 0\n# todo 0\n# duration_ms 36.732042\n",
    "passed": false,
    "timestamp": "2026-01-17T16:57:45.513Z"
  },
  {
    "taskId": "task-011",
    "variant": "b",
    "iteration": 1,
    "code": "export function setupAckHandler(socket) {\n  socket.on('update', (data, ack) => {\n    ack({ status: 'ok' });\n  });\n}",
    "testOutput": "TAP version 13\n# Subtest: setupAckHandler\nnot ok 1 - setupAckHandler\n  ---\n  duration_ms: 0.276084\n  type: 'test'\n  location: '/Users/maxchurch/Documents/autest/generated/temp-test-1768669064586.mjs:19:1'\n  failureType: 'testCodeFailure'\n  error: 'ack is not a function'\n  code: 'ERR_TEST_FAILURE'\n  name: 'TypeError'\n  stack: |-\n    file:///Users/maxchurch/Documents/autest/generated/temp-test-1768669064586.mjs:3:5\n    TestContext.<anonymous> (file:///Users/maxchurch/Documents/autest/generated/temp-test-1768669064586.mjs:22:3)\n    Test.runInAsyncScope (node:async_hooks:214:14)\n    Test.run (node:internal/test_runner/test:1047:25)\n    Test.start (node:internal/test_runner/test:944:17)\n    startSubtestAfterBootstrap (node:internal/test_runner/harness:296:17)\n  ...\n1..1\n# tests 1\n# suites 0\n# pass 0\n# fail 1\n# cancelled 0\n# skipped 0\n# todo 0\n# duration_ms 35.081459\n",
    "passed": false,
    "timestamp": "2026-01-17T16:57:44.664Z"
  },
  {
    "taskId": "task-011",
    "variant": "b",
    "iteration": 2,
    "code": "export function setupAckHandler(socket) {\n  socket.on('update', (...args, ack) => {\n    ack({ status: 'ok' });\n  });\n}",
    "testOutput": "TAP version 13\n# file:///Users/maxchurch/Documents/autest/generated/temp-test-1768669071059.mjs:2\n#   socket.on('update', (...args, ack) => {\n#                           ^^^^\n# SyntaxError: Rest parameter must be last formal parameter\n#     at compileSourceTextModule (node:internal/modules/esm/utils:346:16)\n#     at ModuleLoader.moduleStrategy (node:internal/modules/esm/translators:107:18)\n#     at \\#translate (node:internal/modules/esm/loader:546:20)\n#     at afterLoad (node:internal/modules/esm/loader:596:29)\n#     at ModuleLoader.loadAndTranslate (node:internal/modules/esm/loader:601:12)\n#     at \\#createModuleJob (node:internal/modules/esm/loader:624:36)\n#     at \\#getJobFromResolveResult (node:internal/modules/esm/loader:343:34)\n#     at ModuleLoader.getModuleJobForImport (node:internal/modules/esm/loader:311:41)\n#     at async onImport.tracePromise.__proto__ (node:internal/modules/esm/loader:664:25)\n# Node.js v22.21.0\n# Subtest: generated/temp-test-1768669071059.mjs\nnot ok 1 - generated/temp-test-1768669071059.mjs\n  ---\n  duration_ms: 23.35425\n  type: 'test'\n  location: '/Users/maxchurch/Documents/autest/generated/temp-test-1768669071059.mjs:1:1'\n  failureType: 'testCodeFailure'\n  exitCode: 1\n  signal: ~\n  error: 'test failed'\n  code: 'ERR_TEST_FAILURE'\n  ...\n1..1\n# tests 1\n# suites 0\n# pass 0\n# fail 1\n# cancelled 0\n# skipped 0\n# todo 0\n# duration_ms 27.058459\n",
    "passed": false,
    "timestamp": "2026-01-17T16:57:51.125Z"
  },
  {
    "taskId": "task-011",
    "variant": "b",
    "iteration": 3,
    "code": "export function setupAckHandler(socket) {\n  socket.on('update', (...args) => {\n    const ack = args[args.length - 1];\n    ack({ status: 'ok' });\n  });\n}",
    "testOutput": "TAP version 13\n# Subtest: setupAckHandler\nok 1 - setupAckHandler\n  ---\n  duration_ms: 0.491\n  type: 'test'\n  ...\n1..1\n# tests 1\n# suites 0\n# pass 1\n# fail 0\n# cancelled 0\n# skipped 0\n# todo 0\n# duration_ms 33.249542\n",
    "passed": true,
    "timestamp": "2026-01-17T16:58:03.088Z"
  },
  {
    "taskId": "task-012",
    "variant": "a",
    "iteration": 1,
    "code": "export function emitWithAck(socket) {\n  return new Promise((resolve, reject) => {\n    socket.emit('ping', (response) => {\n      resolve(response);\n    });\n    socket.once('error', reject);\n  });\n}",
    "testOutput": "TAP version 13\n# Subtest: emitWithAck resolves\nnot ok 1 - emitWithAck resolves\n  ---\n  duration_ms: 0.399708\n  type: 'test'\n  location: '/Users/maxchurch/Documents/autest/generated/temp-test-1768669060337.mjs:21:1'\n  failureType: 'testCodeFailure'\n  error: 'socket.emit is not a function'\n  code: 'ERR_TEST_FAILURE'\n  name: 'TypeError'\n  stack: |-\n    file:///Users/maxchurch/Documents/autest/generated/temp-test-1768669060337.mjs:3:12\n    new Promise (<anonymous>)\n    emitWithAck (file:///Users/maxchurch/Documents/autest/generated/temp-test-1768669060337.mjs:2:10)\n    TestContext.<anonymous> (file:///Users/maxchurch/Documents/autest/generated/temp-test-1768669060337.mjs:22:24)\n    Test.runInAsyncScope (node:async_hooks:214:14)\n    Test.run (node:internal/test_runner/test:1047:25)\n    Test.start (node:internal/test_runner/test:944:17)\n    startSubtestAfterBootstrap (node:internal/test_runner/harness:296:17)\n  ...\n1..1\n# tests 1\n# suites 0\n# pass 0\n# fail 1\n# cancelled 0\n# skipped 0\n# todo 0\n# duration_ms 40.171\n",
    "passed": false,
    "timestamp": "2026-01-17T16:57:40.416Z"
  },
  {
    "taskId": "task-012",
    "variant": "b",
    "iteration": 1,
    "code": "export function emitWithAck(socket) {\n  return new Promise((resolve) => {\n    socket.emit('ping', (response) => {\n      resolve(response);\n    });\n  });\n}",
    "testOutput": "TAP version 13\n# Subtest: emitWithAck resolves\nnot ok 1 - emitWithAck resolves\n  ---\n  duration_ms: 0.278541\n  type: 'test'\n  location: '/Users/maxchurch/Documents/autest/generated/temp-test-1768669059874.mjs:20:1'\n  failureType: 'testCodeFailure'\n  error: 'socket.emit is not a function'\n  code: 'ERR_TEST_FAILURE'\n  name: 'TypeError'\n  stack: |-\n    file:///Users/maxchurch/Documents/autest/generated/temp-test-1768669059874.mjs:3:12\n    new Promise (<anonymous>)\n    emitWithAck (file:///Users/maxchurch/Documents/autest/generated/temp-test-1768669059874.mjs:2:10)\n    TestContext.<anonymous> (file:///Users/maxchurch/Documents/autest/generated/temp-test-1768669059874.mjs:21:24)\n    Test.runInAsyncScope (node:async_hooks:214:14)\n    Test.run (node:internal/test_runner/test:1047:25)\n    Test.start (node:internal/test_runner/test:944:17)\n    startSubtestAfterBootstrap (node:internal/test_runner/harness:296:17)\n  ...\n1..1\n# tests 1\n# suites 0\n# pass 0\n# fail 1\n# cancelled 0\n# skipped 0\n# todo 0\n# duration_ms 36.512958\n",
    "passed": false,
    "timestamp": "2026-01-17T16:57:39.941Z"
  },
  {
    "taskId": "task-012",
    "variant": "b",
    "iteration": 2,
    "code": "export function emitWithAck(socket) {\n  return socket.emitWithAck('ping');\n}",
    "testOutput": "TAP version 13\n# Subtest: emitWithAck resolves\nok 1 - emitWithAck resolves\n  ---\n  duration_ms: 0.282041\n  type: 'test'\n  ...\n1..1\n# tests 1\n# suites 0\n# pass 1\n# fail 0\n# cancelled 0\n# skipped 0\n# todo 0\n# duration_ms 43.8295\n",
    "passed": true,
    "timestamp": "2026-01-17T16:57:46.316Z"
  },
  {
    "taskId": "task-013",
    "variant": "a",
    "iteration": 1,
    "code": "async function fullAckExchange(serverSocket, clientSocket) {\n  return new Promise((resolve, reject) => {\n    serverSocket.on('hi', (ack) => {\n      ack('hola');\n    });\n\n    const cb = (response) => {\n      if (response === 'hola') {\n        resolve();\n      } else {\n        reject(new Error(`Expected 'hola' but got '${response}'`));\n      }\n    };\n\n    clientSocket.emit('hi', cb);\n  });\n}",
    "testOutput": "TAP version 13\n# Subtest: fullAckExchange\nnot ok 1 - fullAckExchange\n  ---\n  duration_ms: 0.374583\n  type: 'test'\n  location: '/Users/maxchurch/Documents/autest/generated/temp-test-1768669070019.mjs:37:1'\n  failureType: 'testCodeFailure'\n  error: 'plan expected 1 assertions but received 0'\n  code: 'ERR_TEST_FAILURE'\n  ...\n# Error: Test \"fullAckExchange\" at generated/temp-test-1768669070019.mjs:37:1 generated asynchronous activity after the test ended. This activity created the error \"TypeError: ack is not a function\" and would have caused the test to fail, but instead triggered an unhandledRejection event.\n1..1\n# tests 1\n# suites 0\n# pass 0\n# fail 1\n# cancelled 0\n# skipped 0\n# todo 0\n# duration_ms 36.798375\n",
    "passed": false,
    "timestamp": "2026-01-17T16:57:50.100Z"
  },
  {
    "taskId": "task-013",
    "variant": "b",
    "iteration": 1,
    "code": "export async function fullAckExchange(serverSocket, clientSocket) {\n  serverSocket.on('hi', (cb) => { cb('hola'); });\n  const response = await clientSocket.emitWithAck('hi');\n  if (response !== 'hola') {\n    throw new Error(`Expected 'hola', got ${JSON.stringify(response)}`);\n  }\n}",
    "testOutput": "TAP version 13\n# Subtest: fullAckExchange\nnot ok 1 - fullAckExchange\n  ---\n  duration_ms: 0.344584\n  type: 'test'\n  location: '/Users/maxchurch/Documents/autest/generated/temp-test-1768669076142.mjs:27:1'\n  failureType: 'testCodeFailure'\n  error: 'plan expected 1 assertions but received 0'\n  code: 'ERR_TEST_FAILURE'\n  ...\n# Error: Test \"fullAckExchange\" at generated/temp-test-1768669076142.mjs:27:1 generated asynchronous activity after the test ended. This activity created the error \"TypeError: cb is not a function\" and would have caused the test to fail, but instead triggered an unhandledRejection event.\n1..1\n# tests 1\n# suites 0\n# pass 0\n# fail 1\n# cancelled 0\n# skipped 0\n# todo 0\n# duration_ms 34.413083\n",
    "passed": false,
    "timestamp": "2026-01-17T16:57:56.215Z"
  },
  {
    "taskId": "task-013",
    "variant": "b",
    "iteration": 2,
    "code": "export function fullAckExchange(serverSocket, clientSocket) {\n  serverSocket.on('hi', (data, cb) => { cb('hola'); });\n  clientSocket.emit('hi', (response) => {\n    assert.strictEqual(response, 'hola');\n  });\n}",
    "testOutput": "TAP version 13\n# Subtest: fullAckExchange\nnot ok 1 - fullAckExchange\n  ---\n  duration_ms: 0.341125\n  type: 'test'\n  location: '/Users/maxchurch/Documents/autest/generated/temp-test-1768669121823.mjs:26:1'\n  failureType: 'testCodeFailure'\n  error: 'plan expected 1 assertions but received 0'\n  code: 'ERR_TEST_FAILURE'\n  ...\n1..1\n# tests 1\n# suites 0\n# pass 0\n# fail 1\n# cancelled 0\n# skipped 0\n# todo 0\n# duration_ms 35.113666\n",
    "passed": false,
    "timestamp": "2026-01-17T16:58:41.898Z"
  },
  {
    "taskId": "task-013",
    "variant": "b",
    "iteration": 3,
    "code": "import assert from 'node:assert/strict';\n\nexport function fullAckExchange(serverSocket, clientSocket) {\n  serverSocket.on('hi', (data, cb) => { cb('hola'); });\n  clientSocket.emit('hi', (response) => {\n    assert.strictEqual(response, 'hola');\n  });\n}",
    "testOutput": "TAP version 13\n# file:///Users/maxchurch/Documents/autest/generated/temp-test-1768669230570.mjs:11\n# import assert from 'node:assert/strict';\n# ^^^^^^^^^^^^^\n# SyntaxError: Identifier 'assert' has already been declared\n#     at compileSourceTextModule (node:internal/modules/esm/utils:346:16)\n#     at ModuleLoader.moduleStrategy (node:internal/modules/esm/translators:107:18)\n#     at \\#translate (node:internal/modules/esm/loader:546:20)\n#     at afterLoad (node:internal/modules/esm/loader:596:29)\n#     at ModuleLoader.loadAndTranslate (node:internal/modules/esm/loader:601:12)\n#     at \\#createModuleJob (node:internal/modules/esm/loader:624:36)\n#     at \\#getJobFromResolveResult (node:internal/modules/esm/loader:343:34)\n#     at ModuleLoader.getModuleJobForImport (node:internal/modules/esm/loader:311:41)\n#     at async onImport.tracePromise.__proto__ (node:internal/modules/esm/loader:664:25)\n# Node.js v22.21.0\n# Subtest: generated/temp-test-1768669230570.mjs\nnot ok 1 - generated/temp-test-1768669230570.mjs\n  ---\n  duration_ms: 21.948166\n  type: 'test'\n  location: '/Users/maxchurch/Documents/autest/generated/temp-test-1768669230570.mjs:1:1'\n  failureType: 'testCodeFailure'\n  exitCode: 1\n  signal: ~\n  error: 'test failed'\n  code: 'ERR_TEST_FAILURE'\n  ...\n1..1\n# tests 1\n# suites 0\n# pass 0\n# fail 1\n# cancelled 0\n# skipped 0\n# todo 0\n# duration_ms 25.989584\n",
    "passed": false,
    "timestamp": "2026-01-17T17:00:30.633Z"
  },
  {
    "taskId": "task-014",
    "variant": "a",
    "iteration": 1,
    "code": "export function joinRoom(socket, room) {\n  socket.join(room);\n}",
    "testOutput": "TAP version 13\n# Subtest: joinRoom\nok 1 - joinRoom\n  ---\n  duration_ms: 0.240792\n  type: 'test'\n  ...\n1..1\n# tests 1\n# suites 0\n# pass 1\n# fail 0\n# cancelled 0\n# skipped 0\n# todo 0\n# duration_ms 28.731792\n",
    "passed": true,
    "timestamp": "2026-01-17T16:57:52.278Z"
  },
  {
    "taskId": "task-014",
    "variant": "b",
    "iteration": 1,
    "code": "export async function joinRoom(socket, room) {\n  await socket.join(room);\n}",
    "testOutput": "TAP version 13\n# Subtest: joinRoom\nok 1 - joinRoom\n  ---\n  duration_ms: 0.280583\n  type: 'test'\n  ...\n1..1\n# tests 1\n# suites 0\n# pass 1\n# fail 0\n# cancelled 0\n# skipped 0\n# todo 0\n# duration_ms 36.1715\n",
    "passed": true,
    "timestamp": "2026-01-17T16:57:53.366Z"
  },
  {
    "taskId": "task-015",
    "variant": "a",
    "iteration": 1,
    "code": "export function broadcastToRoom(io, room, event, data) {\n  io.to(room).emit(event, data);\n}",
    "testOutput": "TAP version 13\n# Subtest: broadcastToRoom\nok 1 - broadcastToRoom\n  ---\n  duration_ms: 0.289583\n  type: 'test'\n  ...\n1..1\n# tests 1\n# suites 0\n# pass 1\n# fail 0\n# cancelled 0\n# skipped 0\n# todo 0\n# duration_ms 33.672166\n",
    "passed": true,
    "timestamp": "2026-01-17T16:57:53.751Z"
  },
  {
    "taskId": "task-015",
    "variant": "b",
    "iteration": 1,
    "code": "export function broadcastToRoom(io, room, event, data) {\n  io.to(room).emit(event, data);\n}",
    "testOutput": "TAP version 13\n# Subtest: broadcastToRoom\nok 1 - broadcastToRoom\n  ---\n  duration_ms: 0.267958\n  type: 'test'\n  ...\n1..1\n# tests 1\n# suites 0\n# pass 1\n# fail 0\n# cancelled 0\n# skipped 0\n# todo 0\n# duration_ms 32.826667\n",
    "passed": true,
    "timestamp": "2026-01-17T16:57:52.078Z"
  },
  {
    "taskId": "task-016",
    "variant": "a",
    "iteration": 1,
    "code": "export function setupRoomJoinAndBroadcast(io) {\n  io.on('connection', (socket) => {\n    socket.join('general');\n    socket.to('general').emit('new user');\n  });\n}",
    "testOutput": "TAP version 13\n# Subtest: setupRoomJoinAndBroadcast\nnot ok 1 - setupRoomJoinAndBroadcast\n  ---\n  duration_ms: 0.281625\n  type: 'test'\n  location: '/Users/maxchurch/Documents/autest/generated/temp-test-1768669079082.mjs:26:1'\n  failureType: 'testCodeFailure'\n  error: 'socket.to is not a function'\n  code: 'ERR_TEST_FAILURE'\n  name: 'TypeError'\n  stack: |-\n    file:///Users/maxchurch/Documents/autest/generated/temp-test-1768669079082.mjs:4:12\n    Object.on (file:///Users/maxchurch/Documents/autest/generated/temp-test-1768669079082.mjs:24:53)\n    setupRoomJoinAndBroadcast (file:///Users/maxchurch/Documents/autest/generated/temp-test-1768669079082.mjs:2:6)\n    TestContext.<anonymous> (file:///Users/maxchurch/Documents/autest/generated/temp-test-1768669079082.mjs:27:3)\n    Test.runInAsyncScope (node:async_hooks:214:14)\n    Test.run (node:internal/test_runner/test:1047:25)\n    Test.start (node:internal/test_runner/test:944:17)\n    startSubtestAfterBootstrap (node:internal/test_runner/harness:296:17)\n  ...\n1..1\n# tests 1\n# suites 0\n# pass 0\n# fail 1\n# cancelled 0\n# skipped 0\n# todo 0\n# duration_ms 38.407875\n",
    "passed": false,
    "timestamp": "2026-01-17T16:57:59.152Z"
  },
  {
    "taskId": "task-016",
    "variant": "b",
    "iteration": 1,
    "code": "export function setupRoomJoinAndBroadcast(io) {\n  io.on('connection', (socket) => {\n    socket.join('general');\n    socket.broadcast.to('general').emit('new user');\n  });\n}",
    "testOutput": "TAP version 13\n# Subtest: setupRoomJoinAndBroadcast\nnot ok 1 - setupRoomJoinAndBroadcast\n  ---\n  duration_ms: 0.271375\n  type: 'test'\n  location: '/Users/maxchurch/Documents/autest/generated/temp-test-1768669078184.mjs:26:1'\n  failureType: 'testCodeFailure'\n  error: \"Cannot read properties of undefined (reading 'to')\"\n  code: 'ERR_TEST_FAILURE'\n  name: 'TypeError'\n  stack: |-\n    file:///Users/maxchurch/Documents/autest/generated/temp-test-1768669078184.mjs:4:22\n    Object.on (file:///Users/maxchurch/Documents/autest/generated/temp-test-1768669078184.mjs:24:53)\n    setupRoomJoinAndBroadcast (file:///Users/maxchurch/Documents/autest/generated/temp-test-1768669078184.mjs:2:6)\n    TestContext.<anonymous> (file:///Users/maxchurch/Documents/autest/generated/temp-test-1768669078184.mjs:27:3)\n    Test.runInAsyncScope (node:async_hooks:214:14)\n    Test.run (node:internal/test_runner/test:1047:25)\n    Test.start (node:internal/test_runner/test:944:17)\n    startSubtestAfterBootstrap (node:internal/test_runner/harness:296:17)\n  ...\n1..1\n# tests 1\n# suites 0\n# pass 0\n# fail 1\n# cancelled 0\n# skipped 0\n# todo 0\n# duration_ms 36.2335\n",
    "passed": false,
    "timestamp": "2026-01-17T16:57:58.260Z"
  },
  {
    "taskId": "task-016",
    "variant": "b",
    "iteration": 2,
    "code": "export function setupRoomJoinAndBroadcast(io) {\n  io.on('connection', (socket) => {\n    socket.join('general');\n    io.to('general').emit('new user');\n  });\n}",
    "testOutput": "TAP version 13\n# Subtest: setupRoomJoinAndBroadcast\nok 1 - setupRoomJoinAndBroadcast\n  ---\n  duration_ms: 0.271834\n  type: 'test'\n  ...\n1..1\n# tests 1\n# suites 0\n# pass 1\n# fail 0\n# cancelled 0\n# skipped 0\n# todo 0\n# duration_ms 30.028333\n",
    "passed": true,
    "timestamp": "2026-01-17T16:58:12.819Z"
  },
  {
    "taskId": "task-017",
    "variant": "a",
    "iteration": 1,
    "code": "export async function leaveRoom(socket, room) {\n  socket.leave(room);\n  if (socket.rooms.has(room)) {\n    throw new Error(`Socket still in room \"${room}\" after leaveRoom`);\n  }\n}",
    "testOutput": "TAP version 13\n# Subtest: leaveRoom\nok 1 - leaveRoom\n  ---\n  duration_ms: 0.258542\n  type: 'test'\n  ...\n1..1\n# tests 1\n# suites 0\n# pass 1\n# fail 0\n# cancelled 0\n# skipped 0\n# todo 0\n# duration_ms 33.203166\n",
    "passed": true,
    "timestamp": "2026-01-17T16:58:05.912Z"
  },
  {
    "taskId": "task-017",
    "variant": "b",
    "iteration": 1,
    "code": "export async function leaveRoom(socket, room) {\n  await new Promise((resolve, reject) => {\n    socket.leave(room, (err) => {\n      if (err) {\n        reject(err);\n      } else if (socket.rooms.has(room)) {\n        reject(new Error('Socket still in room after leave'));\n      } else {\n        resolve();\n      }\n    });\n  });\n}",
    "testOutput": "TAP version 13\n# Subtest: leaveRoom\nok 1 - leaveRoom\n  ---\n  duration_ms: 0.273625\n  type: 'test'\n  ...\n1..1\n# tests 1\n# suites 0\n# pass 1\n# fail 0\n# cancelled 0\n# skipped 0\n# todo 0\n# duration_ms 33.319667\n",
    "passed": true,
    "timestamp": "2026-01-17T16:58:12.454Z"
  },
  {
    "taskId": "task-018",
    "variant": "a",
    "iteration": 1,
    "code": "export function createNamespace(io, path) {\n  return io.of(path);\n}",
    "testOutput": "TAP version 13\n# Subtest: createNamespace\nok 1 - createNamespace\n  ---\n  duration_ms: 0.265459\n  type: 'test'\n  ...\n1..1\n# tests 1\n# suites 0\n# pass 1\n# fail 0\n# cancelled 0\n# skipped 0\n# todo 0\n# duration_ms 34.092375\n",
    "passed": true,
    "timestamp": "2026-01-17T16:58:00.757Z"
  },
  {
    "taskId": "task-018",
    "variant": "b",
    "iteration": 1,
    "code": "export function createNamespace(io, path) {\n  return io.of(path);\n}",
    "testOutput": "TAP version 13\n# Subtest: createNamespace\nok 1 - createNamespace\n  ---\n  duration_ms: 0.265792\n  type: 'test'\n  ...\n1..1\n# tests 1\n# suites 0\n# pass 1\n# fail 0\n# cancelled 0\n# skipped 0\n# todo 0\n# duration_ms 33.711\n",
    "passed": true,
    "timestamp": "2026-01-17T16:58:01.571Z"
  },
  {
    "taskId": "task-019",
    "variant": "a",
    "iteration": 1,
    "code": "export function setupAdminNamespace(io) {\n  io.of('/admin').on('connection', (socket) => {\n    console.log('admin connected');\n  });\n}",
    "testOutput": "TAP version 13\n# Subtest: setupAdminNamespace\nok 1 - setupAdminNamespace\n  ---\n  duration_ms: 0.244083\n  type: 'test'\n  ...\n1..1\n# tests 1\n# suites 0\n# pass 1\n# fail 0\n# cancelled 0\n# skipped 0\n# todo 0\n# duration_ms 27.387459\n",
    "passed": true,
    "timestamp": "2026-01-17T16:58:04.728Z"
  },
  {
    "taskId": "task-019",
    "variant": "b",
    "iteration": 1,
    "code": "export function setupAdminNamespace(io) {\n  const nsp = io.of('/admin');\n  nsp.on('connection', (socket) => {\n    console.log('admin connected');\n  });\n}",
    "testOutput": "TAP version 13\n# Subtest: setupAdminNamespace\nok 1 - setupAdminNamespace\n  ---\n  duration_ms: 0.2755\n  type: 'test'\n  ...\n1..1\n# tests 1\n# suites 0\n# pass 1\n# fail 0\n# cancelled 0\n# skipped 0\n# todo 0\n# duration_ms 33.9485\n",
    "passed": true,
    "timestamp": "2026-01-17T16:58:04.420Z"
  },
  {
    "taskId": "task-020",
    "variant": "a",
    "iteration": 1,
    "code": "import { io } from 'socket.io-client';\n\nexport async function connectToNamespace(url, path) {\n  const socket = io(`${url}${path}`);\n  return new Promise((resolve, reject) => {\n    socket.on('connect', () => resolve(socket));\n    socket.on('connect_error', reject);\n    socket.connect();\n  });\n}",
    "testOutput": "TAP version 13\n# node:internal/modules/package_json_reader:314\n#   throw new ERR_MODULE_NOT_FOUND(packageName, fileURLToPath(base), null);\n#         ^\n# Error [ERR_MODULE_NOT_FOUND]: Cannot find package 'socket.io-client' imported from /Users/maxchurch/Documents/autest/generated/temp-test-1768669088369.mjs\n#     at Object.getPackageJSONURL (node:internal/modules/package_json_reader:314:9)\n#     at packageResolve (node:internal/modules/esm/resolve:767:81)\n#     at moduleResolve (node:internal/modules/esm/resolve:853:18)\n#     at defaultResolve (node:internal/modules/esm/resolve:983:11)\n#     at \\#cachedDefaultResolve (node:internal/modules/esm/loader:731:20)\n#     at ModuleLoader.resolve (node:internal/modules/esm/loader:708:38)\n#     at ModuleLoader.getModuleJobForImport (node:internal/modules/esm/loader:310:38)\n#     at ModuleJob._link (node:internal/modules/esm/module_job:182:49) {\n#   code: 'ERR_MODULE_NOT_FOUND'\n# }\n# Node.js v22.21.0\n# Subtest: generated/temp-test-1768669088369.mjs\nnot ok 1 - generated/temp-test-1768669088369.mjs\n  ---\n  duration_ms: 27.304083\n  type: 'test'\n  location: '/Users/maxchurch/Documents/autest/generated/temp-test-1768669088369.mjs:1:1'\n  failureType: 'testCodeFailure'\n  exitCode: 1\n  signal: ~\n  error: 'test failed'\n  code: 'ERR_TEST_FAILURE'\n  ...\n1..1\n# tests 1\n# suites 0\n# pass 0\n# fail 1\n# cancelled 0\n# skipped 0\n# todo 0\n# duration_ms 31.292208\n",
    "passed": false,
    "timestamp": "2026-01-17T16:58:08.434Z"
  },
  {
    "taskId": "task-020",
    "variant": "b",
    "iteration": 1,
    "code": "export async function connectToNamespace(url, path) {\n  const socket = io(`${url}${path}`);\n  await new Promise((resolve, reject) => {\n    socket.on('connect', resolve);\n    socket.on('connect_error', reject);\n  });\n  return socket;\n}",
    "testOutput": "TAP version 13\n# Subtest: connectToNamespace\nok 1 - connectToNamespace\n  ---\n  duration_ms: 0.311125\n  type: 'test'\n  ...\n# Error: Test \"connectToNamespace\" at generated/temp-test-1768669091422.mjs:20:1 generated asynchronous activity after the test ended. This activity created the error \"TypeError: socket.on is not a function\" and would have caused the test to fail, but instead triggered an unhandledRejection event.\n# Subtest: generated/temp-test-1768669091422.mjs\nnot ok 1 - generated/temp-test-1768669091422.mjs\n  ---\n  duration_ms: 31.886709\n  type: 'test'\n  location: '/Users/maxchurch/Documents/autest/generated/temp-test-1768669091422.mjs:1:1'\n  failureType: 'testCodeFailure'\n  exitCode: 1\n  signal: ~\n  error: 'test failed'\n  code: 'ERR_TEST_FAILURE'\n  ...\n1..2\n# tests 2\n# suites 0\n# pass 1\n# fail 1\n# cancelled 0\n# skipped 0\n# todo 0\n# duration_ms 36.947666\n",
    "passed": false,
    "timestamp": "2026-01-17T16:58:11.490Z"
  },
  {
    "taskId": "task-020",
    "variant": "b",
    "iteration": 2,
    "code": "export function connectToNamespace(url, path) {\n  return io(`${url}${path}`);\n}",
    "testOutput": "TAP version 13\n# Subtest: connectToNamespace\nok 1 - connectToNamespace\n  ---\n  duration_ms: 0.26375\n  type: 'test'\n  ...\n1..1\n# tests 1\n# suites 0\n# pass 1\n# fail 0\n# cancelled 0\n# skipped 0\n# todo 0\n# duration_ms 33.777917\n",
    "passed": true,
    "timestamp": "2026-01-17T16:58:20.340Z"
  },
  {
    "taskId": "task-021",
    "variant": "a",
    "iteration": 1,
    "code": "export function setupDisconnectHandler(socket) {\n  socket.on('disconnect', (reason) => {\n    console.log(reason);\n  });\n}",
    "testOutput": "TAP version 13\n# Subtest: setupDisconnectHandler\nok 1 - setupDisconnectHandler\n  ---\n  duration_ms: 0.256625\n  type: 'test'\n  ...\n1..1\n# tests 1\n# suites 0\n# pass 1\n# fail 0\n# cancelled 0\n# skipped 0\n# todo 0\n# duration_ms 29.170333\n",
    "passed": true,
    "timestamp": "2026-01-17T16:58:11.637Z"
  },
  {
    "taskId": "task-021",
    "variant": "b",
    "iteration": 1,
    "code": "export function setupDisconnectHandler(socket) {\n  socket.on('disconnect', (reason) => {\n    console.log(reason);\n  });\n}",
    "testOutput": "TAP version 13\n# Subtest: setupDisconnectHandler\nok 1 - setupDisconnectHandler\n  ---\n  duration_ms: 0.252667\n  type: 'test'\n  ...\n1..1\n# tests 1\n# suites 0\n# pass 1\n# fail 0\n# cancelled 0\n# skipped 0\n# todo 0\n# duration_ms 29.834667\n",
    "passed": true,
    "timestamp": "2026-01-17T16:58:10.769Z"
  },
  {
    "taskId": "task-022",
    "variant": "a",
    "iteration": 1,
    "code": "export function fullLifecycleHandlers(io) {\n  io.on('connection', (socket) => {\n    console.log(`Client connected: ${socket.id}`);\n    socket.on('disconnect', () => {\n      console.log(`Client disconnected: ${socket.id}`);\n    });\n  });\n  return io;\n}",
    "testOutput": "TAP version 13\n# Subtest: fullLifecycleHandlers\nnot ok 1 - fullLifecycleHandlers\n  ---\n  duration_ms: 2.250792\n  type: 'test'\n  location: '/Users/maxchurch/Documents/autest/generated/temp-test-1768669093967.mjs:34:1'\n  failureType: 'testCodeFailure'\n  error: |-\n    The expression evaluated to a falsy value:\n    \n      assert.ok(connLog)\n    \n  code: 'ERR_ASSERTION'\n  name: 'AssertionError'\n  expected: true\n  operator: '=='\n  stack: |-\n    TestContext.<anonymous> (file:///Users/maxchurch/Documents/autest/generated/temp-test-1768669093967.mjs:36:10)\n    Test.runInAsyncScope (node:async_hooks:214:14)\n    Test.run (node:internal/test_runner/test:1047:25)\n    Test.start (node:internal/test_runner/test:944:17)\n    startSubtestAfterBootstrap (node:internal/test_runner/harness:296:17)\n  ...\n1..1\n# tests 1\n# suites 0\n# pass 0\n# fail 1\n# cancelled 0\n# skipped 0\n# todo 0\n# duration_ms 40.867291\n",
    "passed": false,
    "timestamp": "2026-01-17T16:58:14.050Z"
  },
  {
    "taskId": "task-022",
    "variant": "b",
    "iteration": 1,
    "code": "export function fullLifecycleHandlers(io) {\n  io.on('connection', (socket) => {\n    console.log(`Socket ${socket.id} connected`);\n    socket.on('disconnecting', (reason) => {\n      console.log(`Socket ${socket.id} disconnecting: ${reason}`);\n    });\n    socket.on('disconnect', (reason) => {\n      console.log(`Socket ${socket.id} disconnected: ${reason}`);\n    });\n  });\n  return io;\n}",
    "testOutput": "TAP version 13\n# Subtest: fullLifecycleHandlers\nnot ok 1 - fullLifecycleHandlers\n  ---\n  duration_ms: 2.257959\n  type: 'test'\n  location: '/Users/maxchurch/Documents/autest/generated/temp-test-1768669103313.mjs:37:1'\n  failureType: 'testCodeFailure'\n  error: |-\n    The expression evaluated to a falsy value:\n    \n      assert.ok(connLog)\n    \n  code: 'ERR_ASSERTION'\n  name: 'AssertionError'\n  expected: true\n  operator: '=='\n  stack: |-\n    TestContext.<anonymous> (file:///Users/maxchurch/Documents/autest/generated/temp-test-1768669103313.mjs:39:10)\n    Test.runInAsyncScope (node:async_hooks:214:14)\n    Test.run (node:internal/test_runner/test:1047:25)\n    Test.start (node:internal/test_runner/test:944:17)\n    startSubtestAfterBootstrap (node:internal/test_runner/harness:296:17)\n  ...\n1..1\n# tests 1\n# suites 0\n# pass 0\n# fail 1\n# cancelled 0\n# skipped 0\n# todo 0\n# duration_ms 36.829208\n",
    "passed": false,
    "timestamp": "2026-01-17T16:58:23.393Z"
  },
  {
    "taskId": "task-022",
    "variant": "b",
    "iteration": 2,
    "code": "export function fullLifecycleHandlers(io) {\n  io.on('connection', (socket) => {\n    console.log('user connected');\n    socket.on('disconnect', (reason) => {\n      console.log('user disconnected');\n    });\n  });\n  return io;\n}",
    "testOutput": "TAP version 13\n# Subtest: fullLifecycleHandlers\nok 1 - fullLifecycleHandlers\n  ---\n  duration_ms: 0.265333\n  type: 'test'\n  ...\n1..1\n# tests 1\n# suites 0\n# pass 1\n# fail 0\n# cancelled 0\n# skipped 0\n# todo 0\n# duration_ms 30.516167\n",
    "passed": true,
    "timestamp": "2026-01-17T16:58:32.652Z"
  },
  {
    "taskId": "task-023",
    "variant": "a",
    "iteration": 1,
    "code": "export function handleReconnect(socket) {\n  socket.on('disconnect', async () => {\n    if (!socket.active) {\n      await new Promise(resolve => setTimeout(resolve, 1000));\n      socket.connect();\n    }\n  });\n}",
    "testOutput": "TAP version 13\n# Subtest: handleReconnect reconnects if not active\nnot ok 1 - handleReconnect reconnects if not active\n  ---\n  duration_ms: 1.944167\n  type: 'test'\n  location: '/Users/maxchurch/Documents/autest/generated/temp-test-1768669125090.mjs:22:1'\n  failureType: 'testCodeFailure'\n  error: |-\n    The expression evaluated to a falsy value:\n    \n      assert.ok(capturedConnect)\n    \n  code: 'ERR_ASSERTION'\n  name: 'AssertionError'\n  expected: true\n  operator: '=='\n  stack: |-\n    TestContext.<anonymous> (file:///Users/maxchurch/Documents/autest/generated/temp-test-1768669125090.mjs:24:10)\n    Test.runInAsyncScope (node:async_hooks:214:14)\n    Test.run (node:internal/test_runner/test:1047:25)\n    Test.start (node:internal/test_runner/test:944:17)\n    startSubtestAfterBootstrap (node:internal/test_runner/harness:296:17)\n  ...\n1..1\n# tests 1\n# suites 0\n# pass 0\n# fail 1\n# cancelled 0\n# skipped 0\n# todo 0\n# duration_ms 1032.452375\n",
    "passed": false,
    "timestamp": "2026-01-17T16:58:46.146Z"
  },
  {
    "taskId": "task-023",
    "variant": "b",
    "iteration": 1,
    "code": "export function handleReconnect(socket) {\n  socket.on('disconnect', () => {\n    if (!socket.active) {\n      socket.connect();\n    }\n  });\n}",
    "testOutput": "TAP version 13\n# Subtest: handleReconnect reconnects if not active\nok 1 - handleReconnect reconnects if not active\n  ---\n  duration_ms: 0.271333\n  type: 'test'\n  ...\n1..1\n# tests 1\n# suites 0\n# pass 1\n# fail 0\n# cancelled 0\n# skipped 0\n# todo 0\n# duration_ms 33.301792\n",
    "passed": true,
    "timestamp": "2026-01-17T16:58:42.748Z"
  },
  {
    "taskId": "task-024",
    "variant": "a",
    "iteration": 1,
    "code": "export const disconnectClient = async (socket) => {\n  socket.disconnect();\n};",
    "testOutput": "TAP version 13\n# Subtest: disconnectClient\nok 1 - disconnectClient\n  ---\n  duration_ms: 0.25875\n  type: 'test'\n  ...\n1..1\n# tests 1\n# suites 0\n# pass 1\n# fail 0\n# cancelled 0\n# skipped 0\n# todo 0\n# duration_ms 34.028708\n",
    "passed": true,
    "timestamp": "2026-01-17T16:58:21.956Z"
  },
  {
    "taskId": "task-024",
    "variant": "b",
    "iteration": 1,
    "code": "export function disconnectClient(socket) {\n  socket.disconnect();\n}",
    "testOutput": "TAP version 13\n# Subtest: disconnectClient\nok 1 - disconnectClient\n  ---\n  duration_ms: 0.25025\n  type: 'test'\n  ...\n1..1\n# tests 1\n# suites 0\n# pass 1\n# fail 0\n# cancelled 0\n# skipped 0\n# todo 0\n# duration_ms 30.937625\n",
    "passed": true,
    "timestamp": "2026-01-17T16:58:17.362Z"
  },
  {
    "taskId": "task-025",
    "variant": "a",
    "iteration": 1,
    "code": "export function setupPrivateRooms(io) {\n  io.on('connection', (socket) => {\n    socket.join(socket.id);\n    socket.emit('welcome', 'Private welcome');\n  });\n}",
    "testOutput": "TAP version 13\n# Subtest: setupPrivateRooms\nnot ok 1 - setupPrivateRooms\n  ---\n  duration_ms: 0.280083\n  type: 'test'\n  location: '/Users/maxchurch/Documents/autest/generated/temp-test-1768669119882.mjs:29:1'\n  failureType: 'testCodeFailure'\n  error: 'socket.emit is not a function'\n  code: 'ERR_TEST_FAILURE'\n  name: 'TypeError'\n  stack: |-\n    file:///Users/maxchurch/Documents/autest/generated/temp-test-1768669119882.mjs:4:12\n    Object.on (file:///Users/maxchurch/Documents/autest/generated/temp-test-1768669119882.mjs:26:17)\n    setupPrivateRooms (file:///Users/maxchurch/Documents/autest/generated/temp-test-1768669119882.mjs:2:6)\n    TestContext.<anonymous> (file:///Users/maxchurch/Documents/autest/generated/temp-test-1768669119882.mjs:30:3)\n    Test.runInAsyncScope (node:async_hooks:214:14)\n    Test.run (node:internal/test_runner/test:1047:25)\n    Test.start (node:internal/test_runner/test:944:17)\n    startSubtestAfterBootstrap (node:internal/test_runner/harness:296:17)\n  ...\n1..1\n# tests 1\n# suites 0\n# pass 0\n# fail 1\n# cancelled 0\n# skipped 0\n# todo 0\n# duration_ms 33.96\n",
    "passed": false,
    "timestamp": "2026-01-17T16:58:39.957Z"
  },
  {
    "taskId": "task-025",
    "variant": "b",
    "iteration": 1,
    "code": "export function setupPrivateRooms(io) {\n  io.on('connection', (socket) => {\n    socket.join(socket.id);\n    io.to(socket.id).emit('welcome');\n  });\n}",
    "testOutput": "TAP version 13\n# Subtest: setupPrivateRooms\nok 1 - setupPrivateRooms\n  ---\n  duration_ms: 0.249583\n  type: 'test'\n  ...\n1..1\n# tests 1\n# suites 0\n# pass 1\n# fail 0\n# cancelled 0\n# skipped 0\n# todo 0\n# duration_ms 29.533458\n",
    "passed": true,
    "timestamp": "2026-01-17T16:58:37.052Z"
  }
]